2023-05-04 15:49:24: [INFO]: Training seed 0 for 200000 timesteps with DDPGAgent and NormalReplayBuffer
2023-05-04 15:49:24: [INFO]: Training seed 3407 for 200000 timesteps with DDPGAgent and NormalReplayBuffer
2023-05-04 15:49:24: [INFO]: Training seed 42 for 200000 timesteps with DDPGAgent and NormalReplayBuffer
2023-05-04 15:49:55: [INFO]: Seed: 3407, Step: 5000, Eval mean: -88.3279525756836, Eval std: 5.9694571500578455
2023-05-04 15:49:55: [INFO]: Seed: 3407, Save best model at eval mean -88.3279525756836 and step 5000
2023-05-04 15:49:56: [INFO]: Seed: 42, Step: 5000, Eval mean: -69.02842178344727, Eval std: 25.405032045325346
2023-05-04 15:49:56: [INFO]: Seed: 42, Save best model at eval mean -69.02842178344727 and step 5000
2023-05-04 15:49:57: [INFO]: Seed: 0, Step: 5000, Eval mean: -30.39948616027832, Eval std: 24.038975539434418
2023-05-04 15:49:57: [INFO]: Seed: 0, Save best model at eval mean -30.39948616027832 and step 5000
2023-05-04 15:50:28: [INFO]: Seed: 3407, Step: 10000, Eval mean: -44.86082201004028, Eval std: 58.57470496802089
2023-05-04 15:50:28: [INFO]: Seed: 3407, Save best model at eval mean -44.86082201004028 and step 10000
2023-05-04 15:50:28: [INFO]: Seed: 42, Step: 10000, Eval mean: -120.83076629638671, Eval std: 20.104621045591443
2023-05-04 15:50:29: [INFO]: Seed: 0, Step: 10000, Eval mean: -47.16801567077637, Eval std: 18.402036166511824
2023-05-04 15:50:59: [INFO]: Seed: 42, Step: 15000, Eval mean: -102.69601135253906, Eval std: 77.92536840128764
2023-05-04 15:50:59: [INFO]: Seed: 3407, Step: 15000, Eval mean: 100.14804425239564, Eval std: 55.269977222982405
2023-05-04 15:50:59: [INFO]: Seed: 3407, Save best model at eval mean 100.14804425239564 and step 15000
2023-05-04 15:50:59: [INFO]: Seed: 0, Step: 15000, Eval mean: -2.775850200653076, Eval std: 23.986507088914024
2023-05-04 15:50:59: [INFO]: Seed: 0, Save best model at eval mean -2.775850200653076 and step 15000
2023-05-04 15:51:30: [INFO]: Seed: 42, Step: 20000, Eval mean: -35.15221405029297, Eval std: 75.40971859597587
2023-05-04 15:51:30: [INFO]: Seed: 42, Save best model at eval mean -35.15221405029297 and step 20000
2023-05-04 15:51:31: [INFO]: Seed: 0, Step: 20000, Eval mean: -75.22516403198242, Eval std: 26.131080838033228
2023-05-04 15:51:32: [INFO]: Seed: 3407, Step: 20000, Eval mean: -22.18784828186035, Eval std: 3.9566982357972846
2023-05-04 15:52:02: [INFO]: Seed: 42, Step: 25000, Eval mean: -48.81778182983398, Eval std: 24.648331388870247
2023-05-04 15:52:03: [INFO]: Seed: 3407, Step: 25000, Eval mean: -9.76905837059021, Eval std: 6.817173256145059
2023-05-04 15:52:04: [INFO]: Seed: 0, Step: 25000, Eval mean: -77.12316799163818, Eval std: 37.04831301027389
2023-05-04 15:52:36: [INFO]: Seed: 42, Step: 30000, Eval mean: -16.488039696216582, Eval std: 12.20120996381617
2023-05-04 15:52:36: [INFO]: Seed: 42, Save best model at eval mean -16.488039696216582 and step 30000
2023-05-04 15:52:37: [INFO]: Seed: 0, Step: 30000, Eval mean: -34.40567512512207, Eval std: 8.655835806081031
2023-05-04 15:52:37: [INFO]: Seed: 3407, Step: 30000, Eval mean: -61.167581176757814, Eval std: 7.028226673273529
2023-05-04 15:53:09: [INFO]: Seed: 3407, Step: 35000, Eval mean: -134.3656433105469, Eval std: 67.97431368216091
2023-05-04 15:53:09: [INFO]: Seed: 0, Step: 35000, Eval mean: -46.416549587249754, Eval std: 50.14595567149649
2023-05-04 15:53:10: [INFO]: Seed: 42, Step: 35000, Eval mean: -2.2616296768188477, Eval std: 17.657814119857406
2023-05-04 15:53:10: [INFO]: Seed: 42, Save best model at eval mean -2.2616296768188477 and step 35000
2023-05-04 15:53:41: [INFO]: Seed: 3407, Step: 40000, Eval mean: -65.29681243896485, Eval std: 21.88133751025167
2023-05-04 15:53:41: [INFO]: Seed: 0, Step: 40000, Eval mean: -28.948734283447266, Eval std: 12.949216350555524
2023-05-04 15:53:42: [INFO]: Seed: 42, Step: 40000, Eval mean: -27.360016870498658, Eval std: 23.464650540170275
2023-05-04 15:54:13: [INFO]: Seed: 3407, Step: 45000, Eval mean: -59.01167602539063, Eval std: 6.6151597369786
2023-05-04 15:54:14: [INFO]: Seed: 42, Step: 45000, Eval mean: -14.902394437789917, Eval std: 18.188200648234552
2023-05-04 15:54:14: [INFO]: Seed: 0, Step: 45000, Eval mean: -30.195024013519287, Eval std: 16.232365467272455
2023-05-04 15:54:46: [INFO]: Seed: 42, Step: 50000, Eval mean: -23.068932819366456, Eval std: 22.44441650967017
2023-05-04 15:54:47: [INFO]: Seed: 0, Step: 50000, Eval mean: -32.28527717590332, Eval std: 14.653360377539226
2023-05-04 15:54:47: [INFO]: Seed: 3407, Step: 50000, Eval mean: -38.60831756591797, Eval std: 5.339307754026828
2023-05-04 15:55:15: [INFO]: Seed: 0, Step: 55000, Eval mean: 203.05330505371094, Eval std: 38.366419056953156
2023-05-04 15:55:15: [INFO]: Seed: 0, Save best model at eval mean 203.05330505371094 and step 55000
2023-05-04 15:55:19: [INFO]: Seed: 3407, Step: 55000, Eval mean: -10.607976961135865, Eval std: 5.861117060305232
2023-05-04 15:55:20: [INFO]: Seed: 42, Step: 55000, Eval mean: -21.50732250213623, Eval std: 19.40298143815664
2023-05-04 15:55:47: [INFO]: Seed: 0, Step: 60000, Eval mean: 216.00127258300782, Eval std: 17.60940288876802
2023-05-04 15:55:47: [INFO]: Seed: 0, Save best model at eval mean 216.00127258300782 and step 60000
2023-05-04 15:55:52: [INFO]: Seed: 42, Step: 60000, Eval mean: -17.651265716552736, Eval std: 31.173241405185824
2023-05-04 15:55:52: [INFO]: Seed: 3407, Step: 60000, Eval mean: -18.850890922546387, Eval std: 7.06057545100087
2023-05-04 15:56:20: [INFO]: Seed: 0, Step: 65000, Eval mean: 199.0321472167969, Eval std: 23.016439565957388
2023-05-04 15:56:24: [INFO]: Seed: 3407, Step: 65000, Eval mean: -20.145025062561036, Eval std: 6.077283309285534
2023-05-04 15:56:24: [INFO]: Seed: 42, Step: 65000, Eval mean: -9.655199527740479, Eval std: 25.02010874328041
2023-05-04 15:56:52: [INFO]: Seed: 0, Step: 70000, Eval mean: 204.82216033935546, Eval std: 44.498251188720566
2023-05-04 15:56:55: [INFO]: Seed: 42, Step: 70000, Eval mean: 24.66922836303711, Eval std: 110.85856854361917
2023-05-04 15:56:55: [INFO]: Seed: 42, Save best model at eval mean 24.66922836303711 and step 70000
2023-05-04 15:56:56: [INFO]: Seed: 3407, Step: 70000, Eval mean: -10.734758055210113, Eval std: 6.5326645551511495
2023-05-04 15:57:24: [INFO]: Seed: 0, Step: 75000, Eval mean: 190.1274200439453, Eval std: 85.79000956725733
2023-05-04 15:57:25: [INFO]: Seed: 42, Step: 75000, Eval mean: -30.83655776977539, Eval std: 12.12405716852563
2023-05-04 15:57:28: [INFO]: Seed: 3407, Step: 75000, Eval mean: -3.6506343841552735, Eval std: 5.92852303172459
2023-05-04 15:57:55: [INFO]: Seed: 0, Step: 80000, Eval mean: 242.465087890625, Eval std: 23.291212179020366
2023-05-04 15:57:55: [INFO]: Seed: 0, Save best model at eval mean 242.465087890625 and step 80000
2023-05-04 15:57:59: [INFO]: Seed: 42, Step: 80000, Eval mean: 25.40722312927246, Eval std: 111.57380736695117
2023-05-04 15:57:59: [INFO]: Seed: 42, Save best model at eval mean 25.40722312927246 and step 80000
2023-05-04 15:58:00: [INFO]: Seed: 3407, Step: 80000, Eval mean: -7.393979811668396, Eval std: 4.623276596391943
2023-05-04 15:58:28: [INFO]: Seed: 0, Step: 85000, Eval mean: 191.91029205322266, Eval std: 62.208345837486284
2023-05-04 15:58:31: [INFO]: Seed: 42, Step: 85000, Eval mean: 5.340679168701172, Eval std: 100.83399774651312
2023-05-04 15:58:32: [INFO]: Seed: 3407, Step: 85000, Eval mean: -43.912908458709715, Eval std: 68.98943188756506
2023-05-04 15:58:58: [INFO]: Seed: 0, Step: 90000, Eval mean: 222.0921600341797, Eval std: 33.9780629370825
2023-05-04 15:59:01: [INFO]: Seed: 42, Step: 90000, Eval mean: 62.92457675933838, Eval std: 141.8776106877135
2023-05-04 15:59:01: [INFO]: Seed: 42, Save best model at eval mean 62.92457675933838 and step 90000
2023-05-04 15:59:03: [INFO]: Seed: 3407, Step: 90000, Eval mean: -31.428066539764405, Eval std: 31.754131431727536
2023-05-04 15:59:30: [INFO]: Seed: 0, Step: 95000, Eval mean: 251.90001525878907, Eval std: 23.67002949696804
2023-05-04 15:59:30: [INFO]: Seed: 0, Save best model at eval mean 251.90001525878907 and step 95000
2023-05-04 15:59:34: [INFO]: Seed: 42, Step: 95000, Eval mean: 94.71609268188476, Eval std: 76.24294959200914
2023-05-04 15:59:34: [INFO]: Seed: 42, Save best model at eval mean 94.71609268188476 and step 95000
2023-05-04 15:59:36: [INFO]: Seed: 3407, Step: 95000, Eval mean: -16.98243898153305, Eval std: 12.690644528510393
2023-05-04 16:00:01: [INFO]: Seed: 0, Step: 100000, Eval mean: 244.35580444335938, Eval std: 31.60794663289923
2023-05-04 16:00:04: [INFO]: Seed: 42, Step: 100000, Eval mean: 49.474999237060544, Eval std: 107.66706943350805
2023-05-04 16:00:08: [INFO]: Seed: 3407, Step: 100000, Eval mean: -15.91352367401123, Eval std: 12.277526984006979
2023-05-04 16:00:35: [INFO]: Seed: 0, Step: 105000, Eval mean: 233.42658081054688, Eval std: 25.456228262675793
2023-05-04 16:00:38: [INFO]: Seed: 42, Step: 105000, Eval mean: -9.486842060089112, Eval std: 88.5003939164945
2023-05-04 16:00:41: [INFO]: Seed: 3407, Step: 105000, Eval mean: -34.26713123321533, Eval std: 25.43228560886714
2023-05-04 16:01:06: [INFO]: Seed: 0, Step: 110000, Eval mean: 244.08829345703126, Eval std: 9.949928701441607
2023-05-04 16:01:09: [INFO]: Seed: 42, Step: 110000, Eval mean: 79.16133117675781, Eval std: 140.09942501328786
2023-05-04 16:01:13: [INFO]: Seed: 3407, Step: 110000, Eval mean: -34.427908706665036, Eval std: 34.64232762455419
2023-05-04 16:01:39: [INFO]: Seed: 0, Step: 115000, Eval mean: 242.25823974609375, Eval std: 8.026825848548018
2023-05-04 16:01:40: [INFO]: Seed: 42, Step: 115000, Eval mean: 144.53673248291017, Eval std: 117.72957135565444
2023-05-04 16:01:40: [INFO]: Seed: 42, Save best model at eval mean 144.53673248291017 and step 115000
2023-05-04 16:01:44: [INFO]: Seed: 3407, Step: 115000, Eval mean: -21.743628978729248, Eval std: 20.79248860696852
2023-05-04 16:02:09: [INFO]: Seed: 0, Step: 120000, Eval mean: 252.88035583496094, Eval std: 24.119037809152033
2023-05-04 16:02:09: [INFO]: Seed: 0, Save best model at eval mean 252.88035583496094 and step 120000
2023-05-04 16:02:10: [INFO]: Seed: 42, Step: 120000, Eval mean: 120.62944030761719, Eval std: 94.03039579365938
2023-05-04 16:02:15: [INFO]: Seed: 3407, Step: 120000, Eval mean: -30.928661727905272, Eval std: 9.737914944801819
2023-05-04 16:02:41: [INFO]: Seed: 0, Step: 125000, Eval mean: 264.21055908203124, Eval std: 12.654052818466733
2023-05-04 16:02:41: [INFO]: Seed: 0, Save best model at eval mean 264.21055908203124 and step 125000
2023-05-04 16:02:43: [INFO]: Seed: 42, Step: 125000, Eval mean: 20.62165985107422, Eval std: 133.8471916086928
2023-05-04 16:02:47: [INFO]: Seed: 3407, Step: 125000, Eval mean: -7.496375989913941, Eval std: 18.854201856832912
2023-05-04 16:03:13: [INFO]: Seed: 42, Step: 130000, Eval mean: 118.55823059082032, Eval std: 115.69587667043747
2023-05-04 16:03:13: [INFO]: Seed: 0, Step: 130000, Eval mean: 255.94451293945312, Eval std: 17.21522230612352
2023-05-04 16:03:18: [INFO]: Seed: 3407, Step: 130000, Eval mean: -8.919188404083252, Eval std: 17.73791317735064
2023-05-04 16:03:44: [INFO]: Seed: 0, Step: 135000, Eval mean: 247.71715393066407, Eval std: 14.97902457225155
2023-05-04 16:03:45: [INFO]: Seed: 42, Step: 135000, Eval mean: 237.64584655761718, Eval std: 33.59022638042686
2023-05-04 16:03:45: [INFO]: Seed: 42, Save best model at eval mean 237.64584655761718 and step 135000
2023-05-04 16:03:49: [INFO]: Seed: 3407, Step: 135000, Eval mean: 61.33529186248779, Eval std: 59.56638361113132
2023-05-04 16:04:14: [INFO]: Seed: 42, Step: 140000, Eval mean: 222.52669372558594, Eval std: 96.40419453224281
2023-05-04 16:04:15: [INFO]: Seed: 0, Step: 140000, Eval mean: 219.07586364746095, Eval std: 45.31393712521226
2023-05-04 16:04:17: [INFO]: Seed: 3407, Step: 140000, Eval mean: 151.14097290039064, Eval std: 78.27154901334636
2023-05-04 16:04:17: [INFO]: Seed: 3407, Save best model at eval mean 151.14097290039064 and step 140000
2023-05-04 16:04:43: [INFO]: Seed: 0, Step: 145000, Eval mean: 255.1650421142578, Eval std: 23.97700266093475
2023-05-04 16:04:44: [INFO]: Seed: 42, Step: 145000, Eval mean: 181.53351440429688, Eval std: 133.15126031479562
2023-05-04 16:04:46: [INFO]: Seed: 3407, Step: 145000, Eval mean: 151.71201133728027, Eval std: 80.52708133699423
2023-05-04 16:04:46: [INFO]: Seed: 3407, Save best model at eval mean 151.71201133728027 and step 145000
2023-05-04 16:05:12: [INFO]: Seed: 42, Step: 150000, Eval mean: 210.94267883300782, Eval std: 105.42221487518276
2023-05-04 16:05:12: [INFO]: Seed: 0, Step: 150000, Eval mean: 242.91376037597655, Eval std: 20.98559321533353
2023-05-04 16:05:15: [INFO]: Seed: 3407, Step: 150000, Eval mean: 147.2968276977539, Eval std: 73.18419692634046
2023-05-04 16:05:41: [INFO]: Seed: 42, Step: 155000, Eval mean: 251.02601318359376, Eval std: 50.49154162717097
2023-05-04 16:05:41: [INFO]: Seed: 42, Save best model at eval mean 251.02601318359376 and step 155000
2023-05-04 16:05:41: [INFO]: Seed: 3407, Step: 155000, Eval mean: 246.66888122558595, Eval std: 17.80713604504933
2023-05-04 16:05:41: [INFO]: Seed: 3407, Save best model at eval mean 246.66888122558595 and step 155000
2023-05-04 16:05:42: [INFO]: Seed: 0, Step: 155000, Eval mean: 224.78292846679688, Eval std: 39.868045171646834
2023-05-04 16:06:08: [INFO]: Seed: 3407, Step: 160000, Eval mean: 267.2175262451172, Eval std: 7.821217486887193
2023-05-04 16:06:08: [INFO]: Seed: 3407, Save best model at eval mean 267.2175262451172 and step 160000
2023-05-04 16:06:08: [INFO]: Seed: 42, Step: 160000, Eval mean: 150.4074851989746, Eval std: 133.29737985483214
2023-05-04 16:06:08: [INFO]: Seed: 0, Step: 160000, Eval mean: 241.83164672851564, Eval std: 29.409582444050617
2023-05-04 16:06:34: [INFO]: Seed: 3407, Step: 165000, Eval mean: 55.25847473144531, Eval std: 70.48123291293982
2023-05-04 16:06:34: [INFO]: Seed: 0, Step: 165000, Eval mean: 262.1647644042969, Eval std: 19.665394625336084
2023-05-04 16:06:35: [INFO]: Seed: 42, Step: 165000, Eval mean: 196.85204544067383, Eval std: 119.47903906878487
2023-05-04 16:07:00: [INFO]: Seed: 3407, Step: 170000, Eval mean: 263.6801330566406, Eval std: 13.396923444751874
2023-05-04 16:07:01: [INFO]: Seed: 42, Step: 170000, Eval mean: 202.99819793701172, Eval std: 108.67696790586062
2023-05-04 16:07:01: [INFO]: Seed: 0, Step: 170000, Eval mean: 245.35891418457032, Eval std: 19.57387218585907
2023-05-04 16:07:27: [INFO]: Seed: 0, Step: 175000, Eval mean: 256.6796600341797, Eval std: 23.929111986961242
2023-05-04 16:07:28: [INFO]: Seed: 3407, Step: 175000, Eval mean: 190.97899169921874, Eval std: 83.55261271964
2023-05-04 16:07:28: [INFO]: Seed: 42, Step: 175000, Eval mean: 254.678125, Eval std: 37.94415694184792
2023-05-04 16:07:28: [INFO]: Seed: 42, Save best model at eval mean 254.678125 and step 175000
2023-05-04 16:07:54: [INFO]: Seed: 3407, Step: 180000, Eval mean: 185.81131744384766, Eval std: 97.24891165410551
2023-05-04 16:07:54: [INFO]: Seed: 0, Step: 180000, Eval mean: 207.75835876464845, Eval std: 34.43511467743567
2023-05-04 16:07:55: [INFO]: Seed: 42, Step: 180000, Eval mean: 134.42014923095704, Eval std: 84.16635350391176
2023-05-04 16:08:21: [INFO]: Seed: 3407, Step: 185000, Eval mean: 234.140673828125, Eval std: 17.62542173708061
2023-05-04 16:08:21: [INFO]: Seed: 42, Step: 185000, Eval mean: 178.0013397216797, Eval std: 119.40241570313242
2023-05-04 16:08:22: [INFO]: Seed: 0, Step: 185000, Eval mean: 246.5770751953125, Eval std: 12.925177937993316
2023-05-04 16:08:47: [INFO]: Seed: 42, Step: 190000, Eval mean: 168.23657836914063, Eval std: 119.49228369344262
2023-05-04 16:08:47: [INFO]: Seed: 0, Step: 190000, Eval mean: 251.82616577148437, Eval std: 6.9377548765295485
2023-05-04 16:08:48: [INFO]: Seed: 3407, Step: 190000, Eval mean: 188.31029205322267, Eval std: 104.88682325628551
2023-05-04 16:09:12: [INFO]: Seed: 3407, Step: 195000, Eval mean: 252.7582763671875, Eval std: 19.890296620909552
2023-05-04 16:09:14: [INFO]: Seed: 0, Step: 195000, Eval mean: 237.14493408203126, Eval std: 18.695674896029626
2023-05-04 16:09:14: [INFO]: Seed: 42, Step: 195000, Eval mean: 248.45712890625, Eval std: 38.233873038311344
2023-05-04 16:09:41: [INFO]: Seed: 42, Step: 200000, Eval mean: 172.937841796875, Eval std: 133.78964091363972
2023-05-04 16:09:41: [INFO]: Seed: 3407, Step: 200000, Eval mean: 236.77938842773438, Eval std: 21.121557399069495
2023-05-04 16:09:41: [INFO]: Seed: 0, Step: 200000, Eval mean: 253.5938934326172, Eval std: 13.162436953294963
2023-05-04 16:09:45: [INFO]: Finish training seed 0 with everage eval mean: 264.21055908203124
2023-05-04 16:09:45: [WARNING]: /home/zhangruize/miniconda3/envs/drl/lib/python3.10/site-packages/moviepy/video/io/ffmpeg_reader.py:123: UserWarning: Warning: in file best_videos_seed_3407/eval-episode-3.mp4, 720000 bytes wanted but 0 bytes read,at frame 241/242, at time 4.82/4.82 sec. Using the last valid frame instead.
  warnings.warn("Warning: in file %s, "%(self.filename)+

2023-05-04 16:09:45: [INFO]: Finish training seed 3407 with everage eval mean: 267.2175262451172
2023-05-04 16:09:48: [INFO]: Finish training seed 42 with everage eval mean: 238.4414825439453
