2023-05-30 21:59:39: [INFO]: Training seed 2 for 3000000 timesteps with PPOAgent and PPOReplayBuffer
2023-05-30 21:59:39: [INFO]: Training seed 0 for 3000000 timesteps with PPOAgent and PPOReplayBuffer
2023-05-30 21:59:39: [INFO]: Training seed 3407 for 3000000 timesteps with PPOAgent and PPOReplayBuffer
2023-05-30 21:59:39: [INFO]: Training seed 42 for 3000000 timesteps with PPOAgent and PPOReplayBuffer
2023-05-30 21:59:39: [INFO]: Training seed 1 for 3000000 timesteps with PPOAgent and PPOReplayBuffer
2023-05-30 21:59:48: [WARNING]: C:\Users\zhangrz\Desktop\DRL\hw4\buffer.py:156: UserWarning: To copy construct from a tensor, it is recommended to use sourceTensor.clone().detach() or sourceTensor.clone().detach().requires_grad_(True), rather than torch.tensor(sourceTensor).
  next_values = torch.tensor(self.get_next_values(agent, t),device=self.device)

2023-05-30 21:59:48: [WARNING]: C:\Users\zhangrz\Desktop\DRL\hw4\buffer.py:156: UserWarning: To copy construct from a tensor, it is recommended to use sourceTensor.clone().detach() or sourceTensor.clone().detach().requires_grad_(True), rather than torch.tensor(sourceTensor).
  next_values = torch.tensor(self.get_next_values(agent, t),device=self.device)

2023-05-30 21:59:48: [WARNING]: C:\Users\zhangrz\Desktop\DRL\hw4\buffer.py:156: UserWarning: To copy construct from a tensor, it is recommended to use sourceTensor.clone().detach() or sourceTensor.clone().detach().requires_grad_(True), rather than torch.tensor(sourceTensor).
  next_values = torch.tensor(self.get_next_values(agent, t),device=self.device)

2023-05-30 21:59:49: [WARNING]: C:\Users\zhangrz\Desktop\DRL\hw4\buffer.py:156: UserWarning: To copy construct from a tensor, it is recommended to use sourceTensor.clone().detach() or sourceTensor.clone().detach().requires_grad_(True), rather than torch.tensor(sourceTensor).
  next_values = torch.tensor(self.get_next_values(agent, t),device=self.device)

2023-05-30 21:59:49: [WARNING]: C:\Users\zhangrz\Desktop\DRL\hw4\buffer.py:156: UserWarning: To copy construct from a tensor, it is recommended to use sourceTensor.clone().detach() or sourceTensor.clone().detach().requires_grad_(True), rather than torch.tensor(sourceTensor).
  next_values = torch.tensor(self.get_next_values(agent, t),device=self.device)

2023-05-30 21:59:55: [INFO]: Seed: 0, Step: 20000, Eval mean: -119.77, Eval std: 55.41
2023-05-30 21:59:55: [INFO]: Seed: 2, Step: 20000, Eval mean: -127.02, Eval std: 68.89
2023-05-30 21:59:55: [INFO]: Seed: 0, Save best model at eval mean -119.7709 and step 20000
2023-05-30 21:59:55: [INFO]: Seed: 2, Save best model at eval mean -127.0222 and step 20000
2023-05-30 21:59:55: [INFO]: Seed: 1, Step: 20000, Eval mean: -111.37, Eval std: 63.62
2023-05-30 21:59:55: [INFO]: Seed: 1, Save best model at eval mean -111.3655 and step 20000
2023-05-30 21:59:55: [INFO]: Seed: 42, Step: 20000, Eval mean: -152.35, Eval std: 85.31
2023-05-30 21:59:55: [INFO]: Seed: 42, Save best model at eval mean -152.3493 and step 20000
2023-05-30 21:59:55: [INFO]: Seed: 3407, Step: 20000, Eval mean: -92.40, Eval std: 48.09
2023-05-30 21:59:55: [INFO]: Seed: 3407, Save best model at eval mean -92.4019 and step 20000
2023-05-30 22:00:11: [INFO]: Seed: 2, Step: 40000, Eval mean: -130.85, Eval std: 68.85
2023-05-30 22:00:11: [INFO]: Seed: 42, Step: 40000, Eval mean: -96.04, Eval std: 45.48
2023-05-30 22:00:11: [INFO]: Seed: 42, Save best model at eval mean -96.0402 and step 40000
2023-05-30 22:00:11: [INFO]: Seed: 1, Step: 40000, Eval mean: -96.28, Eval std: 47.16
2023-05-30 22:00:11: [INFO]: Seed: 1, Save best model at eval mean -96.2837 and step 40000
2023-05-30 22:00:11: [INFO]: Seed: 3407, Step: 40000, Eval mean: -100.83, Eval std: 40.19
2023-05-30 22:00:11: [INFO]: Seed: 0, Step: 40000, Eval mean: -122.03, Eval std: 67.95
2023-05-30 22:00:27: [INFO]: Seed: 3407, Step: 60000, Eval mean: -139.48, Eval std: 101.03
2023-05-30 22:00:28: [INFO]: Seed: 0, Step: 60000, Eval mean: -90.93, Eval std: 46.62
2023-05-30 22:00:28: [INFO]: Seed: 0, Save best model at eval mean -90.9331 and step 60000
2023-05-30 22:00:28: [INFO]: Seed: 1, Step: 60000, Eval mean: -114.15, Eval std: 90.51
2023-05-30 22:00:28: [INFO]: Seed: 42, Step: 60000, Eval mean: -131.53, Eval std: 53.10
2023-05-30 22:00:28: [INFO]: Seed: 2, Step: 60000, Eval mean: -96.55, Eval std: 76.50
2023-05-30 22:00:28: [INFO]: Seed: 2, Save best model at eval mean -96.5510 and step 60000
2023-05-30 22:00:45: [INFO]: Seed: 42, Step: 80000, Eval mean: -62.62, Eval std: 31.42
2023-05-30 22:00:45: [INFO]: Seed: 42, Save best model at eval mean -62.6162 and step 80000
2023-05-30 22:00:45: [INFO]: Seed: 1, Step: 80000, Eval mean: -62.31, Eval std: 24.10
2023-05-30 22:00:45: [INFO]: Seed: 1, Save best model at eval mean -62.3056 and step 80000
2023-05-30 22:00:45: [INFO]: Seed: 2, Step: 80000, Eval mean: -55.93, Eval std: 26.91
2023-05-30 22:00:45: [INFO]: Seed: 2, Save best model at eval mean -55.9303 and step 80000
2023-05-30 22:00:46: [INFO]: Seed: 3407, Step: 80000, Eval mean: -62.52, Eval std: 25.08
2023-05-30 22:00:46: [INFO]: Seed: 3407, Save best model at eval mean -62.5158 and step 80000
2023-05-30 22:00:46: [INFO]: Seed: 0, Step: 80000, Eval mean: -98.65, Eval std: 77.64
2023-05-30 22:01:07: [INFO]: Seed: 0, Step: 100000, Eval mean: -12.54, Eval std: 23.10
2023-05-30 22:01:07: [INFO]: Seed: 0, Save best model at eval mean -12.5401 and step 100000
2023-05-30 22:01:08: [INFO]: Seed: 1, Step: 100000, Eval mean: -17.35, Eval std: 93.30
2023-05-30 22:01:08: [INFO]: Seed: 1, Save best model at eval mean -17.3452 and step 100000
2023-05-30 22:01:08: [INFO]: Seed: 42, Step: 100000, Eval mean: -26.08, Eval std: 43.45
2023-05-30 22:01:08: [INFO]: Seed: 42, Save best model at eval mean -26.0844 and step 100000
2023-05-30 22:01:09: [INFO]: Seed: 3407, Step: 100000, Eval mean: -5.77, Eval std: 24.05
2023-05-30 22:01:09: [INFO]: Seed: 3407, Save best model at eval mean -5.7686 and step 100000
2023-05-30 22:01:10: [INFO]: Seed: 2, Step: 100000, Eval mean: -30.01, Eval std: 39.42
2023-05-30 22:01:10: [INFO]: Seed: 2, Save best model at eval mean -30.0083 and step 100000
2023-05-30 22:01:25: [INFO]: Seed: 42, Step: 120000, Eval mean: -32.56, Eval std: 52.11
2023-05-30 22:01:26: [INFO]: Seed: 0, Step: 120000, Eval mean: -20.41, Eval std: 41.13
2023-05-30 22:01:29: [INFO]: Seed: 2, Step: 120000, Eval mean: 7.15, Eval std: 32.22
2023-05-30 22:01:29: [INFO]: Seed: 2, Save best model at eval mean 7.1519 and step 120000
2023-05-30 22:01:29: [INFO]: Seed: 1, Step: 120000, Eval mean: -71.91, Eval std: 76.83
2023-05-30 22:01:30: [INFO]: Seed: 3407, Step: 120000, Eval mean: -8.13, Eval std: 24.64
2023-05-30 22:01:54: [INFO]: Seed: 42, Step: 140000, Eval mean: -66.16, Eval std: 48.35
2023-05-30 22:01:54: [INFO]: Seed: 3407, Step: 140000, Eval mean: -14.34, Eval std: 51.76
2023-05-30 22:01:54: [INFO]: Seed: 2, Step: 140000, Eval mean: -10.01, Eval std: 18.46
2023-05-30 22:01:55: [INFO]: Seed: 1, Step: 140000, Eval mean: -46.22, Eval std: 110.47
2023-05-30 22:01:55: [INFO]: Seed: 0, Step: 140000, Eval mean: -19.90, Eval std: 49.36
2023-05-30 22:02:23: [INFO]: Seed: 0, Step: 160000, Eval mean: -36.27, Eval std: 53.11
2023-05-30 22:02:23: [INFO]: Seed: 42, Step: 160000, Eval mean: -91.37, Eval std: 73.74
2023-05-30 22:02:23: [INFO]: Seed: 1, Step: 160000, Eval mean: -62.84, Eval std: 92.68
2023-05-30 22:02:25: [INFO]: Seed: 2, Step: 160000, Eval mean: 92.47, Eval std: 119.46
2023-05-30 22:02:25: [INFO]: Seed: 2, Save best model at eval mean 92.4707 and step 160000
2023-05-30 22:02:26: [INFO]: Seed: 3407, Step: 160000, Eval mean: 74.39, Eval std: 106.84
2023-05-30 22:02:26: [INFO]: Seed: 3407, Save best model at eval mean 74.3894 and step 160000
2023-05-30 22:02:56: [INFO]: Seed: 0, Step: 180000, Eval mean: -58.97, Eval std: 44.25
2023-05-30 22:03:00: [INFO]: Seed: 42, Step: 180000, Eval mean: -8.66, Eval std: 73.32
2023-05-30 22:03:00: [INFO]: Seed: 42, Save best model at eval mean -8.6610 and step 180000
2023-05-30 22:03:01: [INFO]: Seed: 1, Step: 180000, Eval mean: -86.80, Eval std: 46.80
2023-05-30 22:03:01: [INFO]: Seed: 2, Step: 180000, Eval mean: 77.46, Eval std: 97.67
2023-05-30 22:03:02: [INFO]: Seed: 3407, Step: 180000, Eval mean: 144.43, Eval std: 129.30
2023-05-30 22:03:02: [INFO]: Seed: 3407, Save best model at eval mean 144.4260 and step 180000
2023-05-30 22:03:37: [INFO]: Seed: 0, Step: 200000, Eval mean: -26.62, Eval std: 80.53
2023-05-30 22:03:38: [INFO]: Seed: 42, Step: 200000, Eval mean: -15.69, Eval std: 86.75
2023-05-30 22:03:40: [INFO]: Seed: 1, Step: 200000, Eval mean: -50.42, Eval std: 127.94
2023-05-30 22:03:41: [INFO]: Seed: 2, Step: 200000, Eval mean: 116.11, Eval std: 105.14
2023-05-30 22:03:41: [INFO]: Seed: 2, Save best model at eval mean 116.1076 and step 200000
2023-05-30 22:03:43: [INFO]: Seed: 3407, Step: 200000, Eval mean: 110.89, Eval std: 183.81
2023-05-30 22:04:15: [INFO]: Seed: 0, Step: 220000, Eval mean: -28.79, Eval std: 109.00
2023-05-30 22:04:16: [INFO]: Seed: 42, Step: 220000, Eval mean: 4.89, Eval std: 90.26
2023-05-30 22:04:16: [INFO]: Seed: 42, Save best model at eval mean 4.8929 and step 220000
2023-05-30 22:04:16: [INFO]: Seed: 1, Step: 220000, Eval mean: -109.18, Eval std: 17.62
2023-05-30 22:04:17: [INFO]: Seed: 2, Step: 220000, Eval mean: 201.77, Eval std: 94.30
2023-05-30 22:04:17: [INFO]: Seed: 2, Save best model at eval mean 201.7705 and step 220000
2023-05-30 22:04:17: [INFO]: Seed: 3407, Step: 220000, Eval mean: 173.80, Eval std: 122.52
2023-05-30 22:04:17: [INFO]: Seed: 3407, Save best model at eval mean 173.8012 and step 220000
2023-05-30 22:04:50: [INFO]: Seed: 3407, Step: 240000, Eval mean: 134.97, Eval std: 146.02
2023-05-30 22:04:51: [INFO]: Seed: 0, Step: 240000, Eval mean: 34.43, Eval std: 100.13
2023-05-30 22:04:51: [INFO]: Seed: 0, Save best model at eval mean 34.4329 and step 240000
2023-05-30 22:04:51: [INFO]: Seed: 42, Step: 240000, Eval mean: 18.70, Eval std: 162.00
2023-05-30 22:04:51: [INFO]: Seed: 42, Save best model at eval mean 18.7024 and step 240000
2023-05-30 22:04:55: [INFO]: Seed: 2, Step: 240000, Eval mean: 215.54, Eval std: 77.14
2023-05-30 22:04:55: [INFO]: Seed: 2, Save best model at eval mean 215.5435 and step 240000
2023-05-30 22:04:56: [INFO]: Seed: 1, Step: 240000, Eval mean: -72.28, Eval std: 96.60
2023-05-30 22:05:30: [INFO]: Seed: 0, Step: 260000, Eval mean: -16.71, Eval std: 28.68
2023-05-30 22:05:32: [INFO]: Seed: 2, Step: 260000, Eval mean: 182.23, Eval std: 109.94
2023-05-30 22:05:32: [INFO]: Seed: 42, Step: 260000, Eval mean: 46.59, Eval std: 125.79
2023-05-30 22:05:32: [INFO]: Seed: 42, Save best model at eval mean 46.5946 and step 260000
2023-05-30 22:05:33: [INFO]: Seed: 1, Step: 260000, Eval mean: -100.80, Eval std: 29.90
2023-05-30 22:05:34: [INFO]: Seed: 3407, Step: 260000, Eval mean: 144.44, Eval std: 127.62
2023-05-30 22:06:09: [INFO]: Seed: 1, Step: 280000, Eval mean: -88.25, Eval std: 27.78
2023-05-30 22:06:11: [INFO]: Seed: 0, Step: 280000, Eval mean: -30.58, Eval std: 68.83
2023-05-30 22:06:14: [INFO]: Seed: 2, Step: 280000, Eval mean: 169.78, Eval std: 146.79
2023-05-30 22:06:14: [INFO]: Seed: 42, Step: 280000, Eval mean: 121.32, Eval std: 124.16
2023-05-30 22:06:14: [INFO]: Seed: 42, Save best model at eval mean 121.3201 and step 280000
2023-05-30 22:06:15: [INFO]: Seed: 3407, Step: 280000, Eval mean: 133.65, Eval std: 136.43
2023-05-30 22:06:51: [INFO]: Seed: 0, Step: 300000, Eval mean: -42.41, Eval std: 36.10
2023-05-30 22:06:53: [INFO]: Seed: 1, Step: 300000, Eval mean: -83.61, Eval std: 26.55
2023-05-30 22:06:53: [INFO]: Seed: 42, Step: 300000, Eval mean: 12.01, Eval std: 143.50
2023-05-30 22:06:53: [INFO]: Seed: 3407, Step: 300000, Eval mean: 127.16, Eval std: 124.59
2023-05-30 22:06:55: [INFO]: Seed: 2, Step: 300000, Eval mean: 203.50, Eval std: 66.07
2023-05-30 22:07:29: [INFO]: Seed: 0, Step: 320000, Eval mean: -32.68, Eval std: 27.33
2023-05-30 22:07:34: [INFO]: Seed: 3407, Step: 320000, Eval mean: 168.17, Eval std: 117.67
2023-05-30 22:07:34: [INFO]: Seed: 2, Step: 320000, Eval mean: 195.08, Eval std: 102.76
2023-05-30 22:07:34: [INFO]: Seed: 42, Step: 320000, Eval mean: 158.04, Eval std: 96.86
2023-05-30 22:07:34: [INFO]: Seed: 42, Save best model at eval mean 158.0442 and step 320000
2023-05-30 22:07:35: [INFO]: Seed: 1, Step: 320000, Eval mean: -56.23, Eval std: 94.78
2023-05-30 22:08:10: [INFO]: Seed: 2, Step: 340000, Eval mean: 222.79, Eval std: 70.97
2023-05-30 22:08:10: [INFO]: Seed: 2, Save best model at eval mean 222.7938 and step 340000
2023-05-30 22:08:11: [INFO]: Seed: 0, Step: 340000, Eval mean: 73.94, Eval std: 120.83
2023-05-30 22:08:11: [INFO]: Seed: 0, Save best model at eval mean 73.9424 and step 340000
2023-05-30 22:08:11: [INFO]: Seed: 1, Step: 340000, Eval mean: -62.90, Eval std: 72.75
2023-05-30 22:08:13: [INFO]: Seed: 3407, Step: 340000, Eval mean: 121.81, Eval std: 138.53
2023-05-30 22:08:13: [INFO]: Seed: 42, Step: 340000, Eval mean: 132.81, Eval std: 99.12
2023-05-30 22:08:50: [INFO]: Seed: 1, Step: 360000, Eval mean: -60.15, Eval std: 120.90
2023-05-30 22:08:51: [INFO]: Seed: 0, Step: 360000, Eval mean: 17.46, Eval std: 71.66
2023-05-30 22:08:53: [INFO]: Seed: 2, Step: 360000, Eval mean: 221.68, Eval std: 84.18
2023-05-30 22:08:53: [INFO]: Seed: 3407, Step: 360000, Eval mean: 150.55, Eval std: 102.56
2023-05-30 22:08:54: [INFO]: Seed: 42, Step: 360000, Eval mean: 76.73, Eval std: 112.55
2023-05-30 22:09:34: [INFO]: Seed: 0, Step: 380000, Eval mean: 24.19, Eval std: 70.12
2023-05-30 22:09:35: [INFO]: Seed: 1, Step: 380000, Eval mean: -102.11, Eval std: 23.19
2023-05-30 22:09:36: [INFO]: Seed: 3407, Step: 380000, Eval mean: 136.22, Eval std: 124.09
2023-05-30 22:09:36: [INFO]: Seed: 2, Step: 380000, Eval mean: 234.11, Eval std: 17.89
2023-05-30 22:09:36: [INFO]: Seed: 2, Save best model at eval mean 234.1141 and step 380000
2023-05-30 22:09:38: [INFO]: Seed: 42, Step: 380000, Eval mean: 109.72, Eval std: 66.47
2023-05-30 22:10:13: [INFO]: Seed: 0, Step: 400000, Eval mean: 25.67, Eval std: 76.99
2023-05-30 22:10:15: [INFO]: Seed: 1, Step: 400000, Eval mean: 10.97, Eval std: 127.27
2023-05-30 22:10:15: [INFO]: Seed: 1, Save best model at eval mean 10.9691 and step 400000
2023-05-30 22:10:16: [INFO]: Seed: 3407, Step: 400000, Eval mean: 160.03, Eval std: 125.05
2023-05-30 22:10:16: [INFO]: Seed: 42, Step: 400000, Eval mean: 93.85, Eval std: 132.81
2023-05-30 22:10:18: [INFO]: Seed: 2, Step: 400000, Eval mean: 210.13, Eval std: 86.49
2023-05-30 22:10:55: [INFO]: Seed: 2, Step: 420000, Eval mean: 111.62, Eval std: 129.41
2023-05-30 22:10:55: [INFO]: Seed: 0, Step: 420000, Eval mean: 123.81, Eval std: 103.00
2023-05-30 22:10:55: [INFO]: Seed: 0, Save best model at eval mean 123.8135 and step 420000
2023-05-30 22:10:56: [INFO]: Seed: 1, Step: 420000, Eval mean: 27.81, Eval std: 138.06
2023-05-30 22:10:56: [INFO]: Seed: 1, Save best model at eval mean 27.8100 and step 420000
2023-05-30 22:10:57: [INFO]: Seed: 3407, Step: 420000, Eval mean: 180.38, Eval std: 79.47
2023-05-30 22:10:57: [INFO]: Seed: 3407, Save best model at eval mean 180.3755 and step 420000
2023-05-30 22:10:57: [INFO]: Seed: 42, Step: 420000, Eval mean: 87.70, Eval std: 95.78
2023-05-30 22:11:31: [INFO]: Seed: 0, Step: 440000, Eval mean: 27.70, Eval std: 105.93
2023-05-30 22:11:32: [INFO]: Seed: 3407, Step: 440000, Eval mean: 149.97, Eval std: 120.78
2023-05-30 22:11:34: [INFO]: Seed: 1, Step: 440000, Eval mean: -73.42, Eval std: 71.12
2023-05-30 22:11:36: [INFO]: Seed: 42, Step: 440000, Eval mean: 101.90, Eval std: 96.45
2023-05-30 22:11:36: [INFO]: Seed: 2, Step: 440000, Eval mean: 167.55, Eval std: 102.27
2023-05-30 22:12:12: [INFO]: Seed: 1, Step: 460000, Eval mean: -136.16, Eval std: 111.49
2023-05-30 22:12:15: [INFO]: Seed: 0, Step: 460000, Eval mean: 128.15, Eval std: 105.04
2023-05-30 22:12:15: [INFO]: Seed: 0, Save best model at eval mean 128.1451 and step 460000
2023-05-30 22:12:17: [INFO]: Seed: 2, Step: 460000, Eval mean: 224.43, Eval std: 38.02
2023-05-30 22:12:18: [INFO]: Seed: 42, Step: 460000, Eval mean: 104.36, Eval std: 77.82
2023-05-30 22:12:19: [INFO]: Seed: 3407, Step: 460000, Eval mean: 204.26, Eval std: 37.16
2023-05-30 22:12:19: [INFO]: Seed: 3407, Save best model at eval mean 204.2633 and step 460000
2023-05-30 22:12:53: [INFO]: Seed: 1, Step: 480000, Eval mean: -53.86, Eval std: 122.31
2023-05-30 22:12:54: [INFO]: Seed: 42, Step: 480000, Eval mean: 86.28, Eval std: 88.81
2023-05-30 22:12:54: [INFO]: Seed: 0, Step: 480000, Eval mean: 105.94, Eval std: 135.00
2023-05-30 22:12:54: [INFO]: Seed: 2, Step: 480000, Eval mean: 179.53, Eval std: 87.03
2023-05-30 22:12:56: [INFO]: Seed: 3407, Step: 480000, Eval mean: 197.40, Eval std: 78.65
2023-05-30 22:13:28: [INFO]: Seed: 1, Step: 500000, Eval mean: -42.00, Eval std: 75.99
2023-05-30 22:13:30: [INFO]: Seed: 0, Step: 500000, Eval mean: 90.27, Eval std: 101.56
2023-05-30 22:13:33: [INFO]: Seed: 42, Step: 500000, Eval mean: 95.34, Eval std: 138.74
2023-05-30 22:13:33: [INFO]: Seed: 2, Step: 500000, Eval mean: 203.30, Eval std: 35.73
2023-05-30 22:13:34: [INFO]: Seed: 3407, Step: 500000, Eval mean: 210.04, Eval std: 54.82
2023-05-30 22:13:34: [INFO]: Seed: 3407, Save best model at eval mean 210.0353 and step 500000
2023-05-30 22:14:09: [INFO]: Seed: 1, Step: 520000, Eval mean: 83.33, Eval std: 141.51
2023-05-30 22:14:09: [INFO]: Seed: 1, Save best model at eval mean 83.3334 and step 520000
2023-05-30 22:14:11: [INFO]: Seed: 0, Step: 520000, Eval mean: 135.53, Eval std: 141.64
2023-05-30 22:14:11: [INFO]: Seed: 0, Save best model at eval mean 135.5339 and step 520000
2023-05-30 22:14:11: [INFO]: Seed: 3407, Step: 520000, Eval mean: 187.39, Eval std: 68.74
2023-05-30 22:14:14: [INFO]: Seed: 42, Step: 520000, Eval mean: 133.57, Eval std: 78.89
2023-05-30 22:14:14: [INFO]: Seed: 2, Step: 520000, Eval mean: 201.11, Eval std: 24.74
2023-05-30 22:14:49: [INFO]: Seed: 3407, Step: 540000, Eval mean: 220.23, Eval std: 29.15
2023-05-30 22:14:49: [INFO]: Seed: 3407, Save best model at eval mean 220.2270 and step 540000
2023-05-30 22:14:49: [INFO]: Seed: 1, Step: 540000, Eval mean: 73.89, Eval std: 126.96
2023-05-30 22:14:51: [INFO]: Seed: 42, Step: 540000, Eval mean: 124.89, Eval std: 82.91
2023-05-30 22:14:51: [INFO]: Seed: 0, Step: 540000, Eval mean: 174.71, Eval std: 73.24
2023-05-30 22:14:51: [INFO]: Seed: 0, Save best model at eval mean 174.7097 and step 540000
2023-05-30 22:14:52: [INFO]: Seed: 2, Step: 540000, Eval mean: 157.83, Eval std: 95.66
2023-05-30 22:15:31: [INFO]: Seed: 1, Step: 560000, Eval mean: -33.57, Eval std: 111.63
2023-05-30 22:15:32: [INFO]: Seed: 3407, Step: 560000, Eval mean: 144.89, Eval std: 97.29
2023-05-30 22:15:32: [INFO]: Seed: 0, Step: 560000, Eval mean: 57.06, Eval std: 101.78
2023-05-30 22:15:32: [INFO]: Seed: 2, Step: 560000, Eval mean: 242.26, Eval std: 26.75
2023-05-30 22:15:32: [INFO]: Seed: 2, Save best model at eval mean 242.2594 and step 560000
2023-05-30 22:15:34: [INFO]: Seed: 42, Step: 560000, Eval mean: 100.53, Eval std: 93.57
2023-05-30 22:16:08: [INFO]: Seed: 2, Step: 580000, Eval mean: 172.86, Eval std: 89.45
2023-05-30 22:16:10: [INFO]: Seed: 42, Step: 580000, Eval mean: 189.81, Eval std: 36.03
2023-05-30 22:16:10: [INFO]: Seed: 42, Save best model at eval mean 189.8064 and step 580000
2023-05-30 22:16:10: [INFO]: Seed: 3407, Step: 580000, Eval mean: 203.67, Eval std: 32.05
2023-05-30 22:16:11: [INFO]: Seed: 0, Step: 580000, Eval mean: 116.48, Eval std: 106.50
2023-05-30 22:16:12: [INFO]: Seed: 1, Step: 580000, Eval mean: -49.81, Eval std: 79.95
2023-05-30 22:16:48: [INFO]: Seed: 3407, Step: 600000, Eval mean: 172.31, Eval std: 95.47
2023-05-30 22:16:48: [INFO]: Seed: 0, Step: 600000, Eval mean: 172.30, Eval std: 69.97
2023-05-30 22:16:48: [INFO]: Seed: 1, Step: 600000, Eval mean: 8.89, Eval std: 134.91
2023-05-30 22:16:49: [INFO]: Seed: 42, Step: 600000, Eval mean: 80.50, Eval std: 138.47
2023-05-30 22:16:49: [INFO]: Seed: 2, Step: 600000, Eval mean: 179.95, Eval std: 105.38
2023-05-30 22:17:24: [INFO]: Seed: 3407, Step: 620000, Eval mean: 184.54, Eval std: 84.44
2023-05-30 22:17:25: [INFO]: Seed: 1, Step: 620000, Eval mean: 16.48, Eval std: 131.52
2023-05-30 22:17:25: [INFO]: Seed: 0, Step: 620000, Eval mean: 150.92, Eval std: 119.69
2023-05-30 22:17:27: [INFO]: Seed: 2, Step: 620000, Eval mean: 198.56, Eval std: 78.17
2023-05-30 22:17:27: [INFO]: Seed: 42, Step: 620000, Eval mean: 140.44, Eval std: 65.38
2023-05-30 22:18:07: [INFO]: Seed: 42, Step: 640000, Eval mean: 188.46, Eval std: 35.46
2023-05-30 22:18:08: [INFO]: Seed: 1, Step: 640000, Eval mean: 131.90, Eval std: 116.80
2023-05-30 22:18:08: [INFO]: Seed: 1, Save best model at eval mean 131.8966 and step 640000
2023-05-30 22:18:08: [INFO]: Seed: 2, Step: 640000, Eval mean: 184.29, Eval std: 67.77
2023-05-30 22:18:08: [INFO]: Seed: 3407, Step: 640000, Eval mean: 198.03, Eval std: 78.11
2023-05-30 22:18:09: [INFO]: Seed: 0, Step: 640000, Eval mean: 98.36, Eval std: 137.93
2023-05-30 22:18:43: [INFO]: Seed: 1, Step: 660000, Eval mean: 84.43, Eval std: 134.88
2023-05-30 22:18:43: [INFO]: Seed: 3407, Step: 660000, Eval mean: 205.27, Eval std: 61.81
2023-05-30 22:18:43: [INFO]: Seed: 2, Step: 660000, Eval mean: 233.43, Eval std: 26.09
2023-05-30 22:18:45: [INFO]: Seed: 0, Step: 660000, Eval mean: 173.76, Eval std: 73.95
2023-05-30 22:18:45: [INFO]: Seed: 42, Step: 660000, Eval mean: 122.84, Eval std: 102.67
2023-05-30 22:19:19: [INFO]: Seed: 3407, Step: 680000, Eval mean: 207.44, Eval std: 72.15
2023-05-30 22:19:20: [INFO]: Seed: 1, Step: 680000, Eval mean: 72.63, Eval std: 151.18
2023-05-30 22:19:20: [INFO]: Seed: 2, Step: 680000, Eval mean: 214.95, Eval std: 45.95
2023-05-30 22:19:22: [INFO]: Seed: 0, Step: 680000, Eval mean: 182.29, Eval std: 69.39
2023-05-30 22:19:22: [INFO]: Seed: 0, Save best model at eval mean 182.2927 and step 680000
2023-05-30 22:19:22: [INFO]: Seed: 42, Step: 680000, Eval mean: 174.11, Eval std: 62.53
2023-05-30 22:19:56: [INFO]: Seed: 3407, Step: 700000, Eval mean: 237.63, Eval std: 37.30
2023-05-30 22:19:56: [INFO]: Seed: 3407, Save best model at eval mean 237.6257 and step 700000
2023-05-30 22:19:58: [INFO]: Seed: 1, Step: 700000, Eval mean: 14.62, Eval std: 127.87
2023-05-30 22:19:58: [INFO]: Seed: 42, Step: 700000, Eval mean: 161.32, Eval std: 71.47
2023-05-30 22:19:58: [INFO]: Seed: 2, Step: 700000, Eval mean: 230.70, Eval std: 31.87
2023-05-30 22:19:59: [INFO]: Seed: 0, Step: 700000, Eval mean: 172.83, Eval std: 93.83
2023-05-30 22:20:29: [INFO]: Seed: 1, Step: 720000, Eval mean: 96.44, Eval std: 124.49
2023-05-30 22:20:29: [INFO]: Seed: 2, Step: 720000, Eval mean: 232.91, Eval std: 44.09
2023-05-30 22:20:32: [INFO]: Seed: 3407, Step: 720000, Eval mean: 171.55, Eval std: 82.06
2023-05-30 22:20:32: [INFO]: Seed: 42, Step: 720000, Eval mean: 155.32, Eval std: 62.57
2023-05-30 22:20:33: [INFO]: Seed: 0, Step: 720000, Eval mean: 195.73, Eval std: 30.86
2023-05-30 22:20:33: [INFO]: Seed: 0, Save best model at eval mean 195.7349 and step 720000
2023-05-30 22:21:10: [INFO]: Seed: 2, Step: 740000, Eval mean: 225.24, Eval std: 80.35
2023-05-30 22:21:11: [INFO]: Seed: 1, Step: 740000, Eval mean: 50.28, Eval std: 108.50
2023-05-30 22:21:13: [INFO]: Seed: 0, Step: 740000, Eval mean: 187.07, Eval std: 61.73
2023-05-30 22:21:13: [INFO]: Seed: 3407, Step: 740000, Eval mean: 220.16, Eval std: 32.75
2023-05-30 22:21:13: [INFO]: Seed: 42, Step: 740000, Eval mean: 165.01, Eval std: 77.34
2023-05-30 22:21:47: [INFO]: Seed: 2, Step: 760000, Eval mean: 222.30, Eval std: 73.41
2023-05-30 22:21:48: [INFO]: Seed: 1, Step: 760000, Eval mean: 71.54, Eval std: 122.50
2023-05-30 22:21:48: [INFO]: Seed: 3407, Step: 760000, Eval mean: 231.00, Eval std: 81.90
2023-05-30 22:21:48: [INFO]: Seed: 0, Step: 760000, Eval mean: 182.60, Eval std: 65.55
2023-05-30 22:21:48: [INFO]: Seed: 42, Step: 760000, Eval mean: 102.50, Eval std: 105.25
2023-05-30 22:22:18: [INFO]: Seed: 2, Step: 780000, Eval mean: 252.82, Eval std: 31.19
2023-05-30 22:22:18: [INFO]: Seed: 2, Save best model at eval mean 252.8168 and step 780000
2023-05-30 22:22:19: [INFO]: Seed: 3407, Step: 780000, Eval mean: 200.87, Eval std: 57.31
2023-05-30 22:22:20: [INFO]: Seed: 1, Step: 780000, Eval mean: 23.83, Eval std: 127.47
2023-05-30 22:22:23: [INFO]: Seed: 0, Step: 780000, Eval mean: 162.85, Eval std: 83.04
2023-05-30 22:22:23: [INFO]: Seed: 42, Step: 780000, Eval mean: 169.30, Eval std: 21.18
2023-05-30 22:22:54: [INFO]: Seed: 3407, Step: 800000, Eval mean: 241.07, Eval std: 38.13
2023-05-30 22:22:54: [INFO]: Seed: 3407, Save best model at eval mean 241.0668 and step 800000
2023-05-30 22:22:54: [INFO]: Seed: 2, Step: 800000, Eval mean: 214.07, Eval std: 91.30
2023-05-30 22:22:55: [INFO]: Seed: 1, Step: 800000, Eval mean: 59.10, Eval std: 117.40
2023-05-30 22:22:57: [INFO]: Seed: 42, Step: 800000, Eval mean: 120.02, Eval std: 117.57
2023-05-30 22:22:57: [INFO]: Seed: 0, Step: 800000, Eval mean: 178.68, Eval std: 66.17
2023-05-30 22:23:31: [INFO]: Seed: 2, Step: 820000, Eval mean: 203.46, Eval std: 67.29
2023-05-30 22:23:32: [INFO]: Seed: 3407, Step: 820000, Eval mean: 241.53, Eval std: 22.97
2023-05-30 22:23:32: [INFO]: Seed: 3407, Save best model at eval mean 241.5279 and step 820000
2023-05-30 22:23:32: [INFO]: Seed: 42, Step: 820000, Eval mean: 81.32, Eval std: 102.07
2023-05-30 22:23:34: [INFO]: Seed: 0, Step: 820000, Eval mean: 191.01, Eval std: 56.98
2023-05-30 22:23:34: [INFO]: Seed: 1, Step: 820000, Eval mean: 82.79, Eval std: 117.80
2023-05-30 22:24:06: [INFO]: Seed: 2, Step: 840000, Eval mean: 218.18, Eval std: 68.30
2023-05-30 22:24:09: [INFO]: Seed: 3407, Step: 840000, Eval mean: 222.58, Eval std: 51.02
2023-05-30 22:24:09: [INFO]: Seed: 42, Step: 840000, Eval mean: 172.66, Eval std: 65.59
2023-05-30 22:24:09: [INFO]: Seed: 1, Step: 840000, Eval mean: 73.26, Eval std: 138.62
2023-05-30 22:24:10: [INFO]: Seed: 0, Step: 840000, Eval mean: 212.37, Eval std: 64.62
2023-05-30 22:24:10: [INFO]: Seed: 0, Save best model at eval mean 212.3736 and step 840000
2023-05-30 22:24:39: [INFO]: Seed: 2, Step: 860000, Eval mean: 222.04, Eval std: 75.06
2023-05-30 22:24:41: [INFO]: Seed: 3407, Step: 860000, Eval mean: 199.79, Eval std: 90.68
2023-05-30 22:24:41: [INFO]: Seed: 1, Step: 860000, Eval mean: 17.60, Eval std: 101.44
2023-05-30 22:24:43: [INFO]: Seed: 42, Step: 860000, Eval mean: 202.15, Eval std: 35.58
2023-05-30 22:24:43: [INFO]: Seed: 42, Save best model at eval mean 202.1522 and step 860000
2023-05-30 22:24:43: [INFO]: Seed: 0, Step: 860000, Eval mean: 210.09, Eval std: 29.76
2023-05-30 22:25:13: [INFO]: Seed: 2, Step: 880000, Eval mean: 259.51, Eval std: 25.13
2023-05-30 22:25:13: [INFO]: Seed: 2, Save best model at eval mean 259.5090 and step 880000
2023-05-30 22:25:13: [INFO]: Seed: 3407, Step: 880000, Eval mean: 247.40, Eval std: 33.64
2023-05-30 22:25:13: [INFO]: Seed: 3407, Save best model at eval mean 247.3962 and step 880000
2023-05-30 22:25:16: [INFO]: Seed: 42, Step: 880000, Eval mean: 129.74, Eval std: 89.10
2023-05-30 22:25:16: [INFO]: Seed: 1, Step: 880000, Eval mean: 172.14, Eval std: 76.90
2023-05-30 22:25:16: [INFO]: Seed: 1, Save best model at eval mean 172.1385 and step 880000
2023-05-30 22:25:17: [INFO]: Seed: 0, Step: 880000, Eval mean: 219.21, Eval std: 39.11
2023-05-30 22:25:17: [INFO]: Seed: 0, Save best model at eval mean 219.2147 and step 880000
2023-05-30 22:25:47: [INFO]: Seed: 2, Step: 900000, Eval mean: 254.02, Eval std: 29.98
2023-05-30 22:25:50: [INFO]: Seed: 3407, Step: 900000, Eval mean: 236.92, Eval std: 39.07
2023-05-30 22:25:50: [INFO]: Seed: 1, Step: 900000, Eval mean: 137.94, Eval std: 107.43
2023-05-30 22:25:51: [INFO]: Seed: 0, Step: 900000, Eval mean: 175.45, Eval std: 102.78
2023-05-30 22:25:51: [INFO]: Seed: 42, Step: 900000, Eval mean: 182.37, Eval std: 70.35
2023-05-30 22:26:21: [INFO]: Seed: 2, Step: 920000, Eval mean: 223.22, Eval std: 71.90
2023-05-30 22:26:22: [INFO]: Seed: 3407, Step: 920000, Eval mean: 248.34, Eval std: 36.35
2023-05-30 22:26:22: [INFO]: Seed: 3407, Save best model at eval mean 248.3374 and step 920000
2023-05-30 22:26:24: [INFO]: Seed: 42, Step: 920000, Eval mean: 170.52, Eval std: 74.98
2023-05-30 22:26:26: [INFO]: Seed: 1, Step: 920000, Eval mean: 48.08, Eval std: 135.44
2023-05-30 22:26:27: [INFO]: Seed: 0, Step: 920000, Eval mean: 150.73, Eval std: 86.01
2023-05-30 22:26:53: [INFO]: Seed: 2, Step: 940000, Eval mean: 236.79, Eval std: 33.44
2023-05-30 22:26:55: [INFO]: Seed: 3407, Step: 940000, Eval mean: 247.48, Eval std: 29.77
2023-05-30 22:26:57: [INFO]: Seed: 42, Step: 940000, Eval mean: 186.05, Eval std: 24.72
2023-05-30 22:26:58: [INFO]: Seed: 1, Step: 940000, Eval mean: 53.28, Eval std: 127.07
2023-05-30 22:26:59: [INFO]: Seed: 0, Step: 940000, Eval mean: 207.93, Eval std: 70.96
2023-05-30 22:27:25: [INFO]: Seed: 2, Step: 960000, Eval mean: 247.58, Eval std: 19.72
2023-05-30 22:27:27: [INFO]: Seed: 3407, Step: 960000, Eval mean: 240.22, Eval std: 32.84
2023-05-30 22:27:29: [INFO]: Seed: 42, Step: 960000, Eval mean: 129.34, Eval std: 103.30
2023-05-30 22:27:30: [INFO]: Seed: 0, Step: 960000, Eval mean: 225.48, Eval std: 31.60
2023-05-30 22:27:30: [INFO]: Seed: 0, Save best model at eval mean 225.4759 and step 960000
2023-05-30 22:27:33: [INFO]: Seed: 1, Step: 960000, Eval mean: 131.26, Eval std: 116.64
2023-05-30 22:28:02: [INFO]: Seed: 2, Step: 980000, Eval mean: 239.50, Eval std: 69.17
2023-05-30 22:28:04: [INFO]: Seed: 3407, Step: 980000, Eval mean: 208.91, Eval std: 77.17
2023-05-30 22:28:07: [INFO]: Seed: 42, Step: 980000, Eval mean: 154.52, Eval std: 134.08
2023-05-30 22:28:07: [INFO]: Seed: 1, Step: 980000, Eval mean: 24.73, Eval std: 138.92
2023-05-30 22:28:07: [INFO]: Seed: 0, Step: 980000, Eval mean: 146.21, Eval std: 130.90
2023-05-30 22:28:37: [INFO]: Seed: 2, Step: 1000000, Eval mean: 236.59, Eval std: 72.21
2023-05-30 22:28:39: [INFO]: Seed: 3407, Step: 1000000, Eval mean: 215.69, Eval std: 69.83
2023-05-30 22:28:41: [INFO]: Seed: 42, Step: 1000000, Eval mean: 161.44, Eval std: 86.94
2023-05-30 22:28:43: [INFO]: Seed: 1, Step: 1000000, Eval mean: 192.76, Eval std: 26.00
2023-05-30 22:28:43: [INFO]: Seed: 1, Save best model at eval mean 192.7595 and step 1000000
2023-05-30 22:28:44: [INFO]: Seed: 0, Step: 1000000, Eval mean: 215.85, Eval std: 37.29
2023-05-30 22:29:10: [INFO]: Seed: 2, Step: 1020000, Eval mean: 242.09, Eval std: 28.13
2023-05-30 22:29:12: [INFO]: Seed: 3407, Step: 1020000, Eval mean: 231.27, Eval std: 70.53
2023-05-30 22:29:15: [INFO]: Seed: 42, Step: 1020000, Eval mean: 171.19, Eval std: 68.90
2023-05-30 22:29:16: [INFO]: Seed: 0, Step: 1020000, Eval mean: 159.35, Eval std: 106.52
2023-05-30 22:29:17: [INFO]: Seed: 1, Step: 1020000, Eval mean: 129.98, Eval std: 120.30
2023-05-30 22:29:43: [INFO]: Seed: 2, Step: 1040000, Eval mean: 232.46, Eval std: 78.05
2023-05-30 22:29:44: [INFO]: Seed: 3407, Step: 1040000, Eval mean: 224.14, Eval std: 77.03
2023-05-30 22:29:48: [INFO]: Seed: 42, Step: 1040000, Eval mean: 132.59, Eval std: 96.39
2023-05-30 22:29:50: [INFO]: Seed: 1, Step: 1040000, Eval mean: 140.74, Eval std: 121.19
2023-05-30 22:29:50: [INFO]: Seed: 0, Step: 1040000, Eval mean: 178.76, Eval std: 92.97
2023-05-30 22:30:19: [INFO]: Seed: 2, Step: 1060000, Eval mean: 240.96, Eval std: 91.70
2023-05-30 22:30:24: [INFO]: Seed: 3407, Step: 1060000, Eval mean: 213.53, Eval std: 62.28
2023-05-30 22:30:26: [INFO]: Seed: 0, Step: 1060000, Eval mean: 102.94, Eval std: 115.57
2023-05-30 22:30:27: [INFO]: Seed: 42, Step: 1060000, Eval mean: 147.48, Eval std: 106.35
2023-05-30 22:30:27: [INFO]: Seed: 1, Step: 1060000, Eval mean: 99.91, Eval std: 130.72
2023-05-30 22:30:57: [INFO]: Seed: 2, Step: 1080000, Eval mean: 219.96, Eval std: 75.03
2023-05-30 22:30:59: [INFO]: Seed: 3407, Step: 1080000, Eval mean: 204.44, Eval std: 64.10
2023-05-30 22:31:00: [INFO]: Seed: 42, Step: 1080000, Eval mean: 140.49, Eval std: 111.60
2023-05-30 22:31:01: [INFO]: Seed: 0, Step: 1080000, Eval mean: 206.72, Eval std: 74.70
2023-05-30 22:31:01: [INFO]: Seed: 1, Step: 1080000, Eval mean: 181.29, Eval std: 62.42
2023-05-30 22:31:30: [INFO]: Seed: 2, Step: 1100000, Eval mean: 236.75, Eval std: 71.46
2023-05-30 22:31:33: [INFO]: Seed: 3407, Step: 1100000, Eval mean: 209.33, Eval std: 73.33
2023-05-30 22:31:34: [INFO]: Seed: 42, Step: 1100000, Eval mean: 108.47, Eval std: 115.17
2023-05-30 22:31:36: [INFO]: Seed: 1, Step: 1100000, Eval mean: 156.16, Eval std: 95.44
2023-05-30 22:31:36: [INFO]: Seed: 0, Step: 1100000, Eval mean: 217.74, Eval std: 31.91
2023-05-30 22:32:02: [INFO]: Seed: 2, Step: 1120000, Eval mean: 231.64, Eval std: 33.79
2023-05-30 22:32:06: [INFO]: Seed: 3407, Step: 1120000, Eval mean: 223.49, Eval std: 52.30
2023-05-30 22:32:07: [INFO]: Seed: 42, Step: 1120000, Eval mean: 128.80, Eval std: 109.47
2023-05-30 22:32:07: [INFO]: Seed: 1, Step: 1120000, Eval mean: 167.34, Eval std: 117.54
2023-05-30 22:32:09: [INFO]: Seed: 0, Step: 1120000, Eval mean: 201.22, Eval std: 82.02
2023-05-30 22:32:35: [INFO]: Seed: 2, Step: 1140000, Eval mean: 232.48, Eval std: 25.02
2023-05-30 22:32:39: [INFO]: Seed: 3407, Step: 1140000, Eval mean: 206.63, Eval std: 63.30
2023-05-30 22:32:41: [INFO]: Seed: 1, Step: 1140000, Eval mean: 143.76, Eval std: 124.77
2023-05-30 22:32:41: [INFO]: Seed: 42, Step: 1140000, Eval mean: 209.57, Eval std: 29.10
2023-05-30 22:32:41: [INFO]: Seed: 42, Save best model at eval mean 209.5700 and step 1140000
2023-05-30 22:32:42: [INFO]: Seed: 0, Step: 1140000, Eval mean: 201.94, Eval std: 68.98
2023-05-30 22:33:10: [INFO]: Seed: 2, Step: 1160000, Eval mean: 248.39, Eval std: 74.36
2023-05-30 22:33:14: [INFO]: Seed: 42, Step: 1160000, Eval mean: 142.27, Eval std: 100.65
2023-05-30 22:33:15: [INFO]: Seed: 3407, Step: 1160000, Eval mean: 207.51, Eval std: 66.01
2023-05-30 22:33:16: [INFO]: Seed: 0, Step: 1160000, Eval mean: 154.98, Eval std: 92.82
2023-05-30 22:33:16: [INFO]: Seed: 1, Step: 1160000, Eval mean: 171.81, Eval std: 77.73
2023-05-30 22:33:49: [INFO]: Seed: 2, Step: 1180000, Eval mean: 236.39, Eval std: 36.93
2023-05-30 22:33:53: [INFO]: Seed: 1, Step: 1180000, Eval mean: 159.07, Eval std: 60.96
2023-05-30 22:33:53: [INFO]: Seed: 42, Step: 1180000, Eval mean: 161.67, Eval std: 94.99
2023-05-30 22:33:53: [INFO]: Seed: 3407, Step: 1180000, Eval mean: 215.47, Eval std: 61.49
2023-05-30 22:33:54: [INFO]: Seed: 0, Step: 1180000, Eval mean: 182.01, Eval std: 67.01
2023-05-30 22:34:22: [INFO]: Seed: 2, Step: 1200000, Eval mean: 197.58, Eval std: 77.22
2023-05-30 22:34:24: [INFO]: Seed: 3407, Step: 1200000, Eval mean: 221.62, Eval std: 42.13
2023-05-30 22:34:26: [INFO]: Seed: 42, Step: 1200000, Eval mean: 175.16, Eval std: 56.38
2023-05-30 22:34:26: [INFO]: Seed: 0, Step: 1200000, Eval mean: 197.46, Eval std: 78.16
2023-05-30 22:34:28: [INFO]: Seed: 1, Step: 1200000, Eval mean: 176.09, Eval std: 56.06
2023-05-30 22:34:56: [INFO]: Seed: 2, Step: 1220000, Eval mean: 240.06, Eval std: 32.69
2023-05-30 22:34:58: [INFO]: Seed: 3407, Step: 1220000, Eval mean: 229.62, Eval std: 28.21
2023-05-30 22:34:58: [INFO]: Seed: 1, Step: 1220000, Eval mean: 154.37, Eval std: 90.42
2023-05-30 22:35:00: [INFO]: Seed: 42, Step: 1220000, Eval mean: 185.76, Eval std: 84.69
2023-05-30 22:35:01: [INFO]: Seed: 0, Step: 1220000, Eval mean: 211.55, Eval std: 45.88
2023-05-30 22:35:30: [INFO]: Seed: 2, Step: 1240000, Eval mean: 259.40, Eval std: 28.80
2023-05-30 22:35:32: [INFO]: Seed: 3407, Step: 1240000, Eval mean: 238.89, Eval std: 32.80
2023-05-30 22:35:33: [INFO]: Seed: 42, Step: 1240000, Eval mean: 209.14, Eval std: 44.85
2023-05-30 22:35:33: [INFO]: Seed: 1, Step: 1240000, Eval mean: 181.76, Eval std: 86.87
2023-05-30 22:35:34: [INFO]: Seed: 0, Step: 1240000, Eval mean: 197.43, Eval std: 71.28
2023-05-30 22:36:01: [INFO]: Seed: 2, Step: 1260000, Eval mean: 216.97, Eval std: 65.03
2023-05-30 22:36:03: [INFO]: Seed: 3407, Step: 1260000, Eval mean: 190.09, Eval std: 71.73
2023-05-30 22:36:06: [INFO]: Seed: 1, Step: 1260000, Eval mean: 150.21, Eval std: 109.76
2023-05-30 22:36:06: [INFO]: Seed: 42, Step: 1260000, Eval mean: 191.94, Eval std: 63.70
2023-05-30 22:36:07: [INFO]: Seed: 0, Step: 1260000, Eval mean: 220.04, Eval std: 71.59
2023-05-30 22:36:36: [INFO]: Seed: 2, Step: 1280000, Eval mean: 249.19, Eval std: 30.00
2023-05-30 22:36:37: [INFO]: Seed: 1, Step: 1280000, Eval mean: 164.81, Eval std: 86.55
2023-05-30 22:36:40: [INFO]: Seed: 0, Step: 1280000, Eval mean: 209.59, Eval std: 108.24
2023-05-30 22:36:40: [INFO]: Seed: 3407, Step: 1280000, Eval mean: 244.63, Eval std: 23.12
2023-05-30 22:36:41: [INFO]: Seed: 42, Step: 1280000, Eval mean: 201.57, Eval std: 42.60
2023-05-30 22:37:07: [INFO]: Seed: 2, Step: 1300000, Eval mean: 256.98, Eval std: 25.79
2023-05-30 22:37:10: [INFO]: Seed: 1, Step: 1300000, Eval mean: 208.62, Eval std: 16.65
2023-05-30 22:37:10: [INFO]: Seed: 1, Save best model at eval mean 208.6159 and step 1300000
2023-05-30 22:37:11: [INFO]: Seed: 3407, Step: 1300000, Eval mean: 218.73, Eval std: 62.56
2023-05-30 22:37:12: [INFO]: Seed: 42, Step: 1300000, Eval mean: 162.88, Eval std: 105.70
2023-05-30 22:37:12: [INFO]: Seed: 0, Step: 1300000, Eval mean: 197.48, Eval std: 75.89
2023-05-30 22:37:41: [INFO]: Seed: 2, Step: 1320000, Eval mean: 265.15, Eval std: 25.57
2023-05-30 22:37:41: [INFO]: Seed: 2, Save best model at eval mean 265.1499 and step 1320000
2023-05-30 22:37:45: [INFO]: Seed: 42, Step: 1320000, Eval mean: 208.12, Eval std: 71.22
2023-05-30 22:37:45: [INFO]: Seed: 0, Step: 1320000, Eval mean: 199.79, Eval std: 29.29
2023-05-30 22:37:46: [INFO]: Seed: 1, Step: 1320000, Eval mean: 166.94, Eval std: 102.81
2023-05-30 22:37:46: [INFO]: Seed: 3407, Step: 1320000, Eval mean: 189.11, Eval std: 75.44
2023-05-30 22:38:16: [INFO]: Seed: 2, Step: 1340000, Eval mean: 239.52, Eval std: 47.00
2023-05-30 22:38:16: [INFO]: Seed: 3407, Step: 1340000, Eval mean: 200.56, Eval std: 64.89
2023-05-30 22:38:16: [INFO]: Seed: 1, Step: 1340000, Eval mean: 198.87, Eval std: 30.08
2023-05-30 22:38:17: [INFO]: Seed: 42, Step: 1340000, Eval mean: 199.89, Eval std: 34.59
2023-05-30 22:38:18: [INFO]: Seed: 0, Step: 1340000, Eval mean: 208.37, Eval std: 32.58
2023-05-30 22:38:51: [INFO]: Seed: 2, Step: 1360000, Eval mean: 265.58, Eval std: 23.20
2023-05-30 22:38:51: [INFO]: Seed: 2, Save best model at eval mean 265.5776 and step 1360000
2023-05-30 22:38:53: [INFO]: Seed: 0, Step: 1360000, Eval mean: 192.68, Eval std: 81.04
2023-05-30 22:38:53: [INFO]: Seed: 3407, Step: 1360000, Eval mean: 190.35, Eval std: 96.85
2023-05-30 22:38:54: [INFO]: Seed: 42, Step: 1360000, Eval mean: 182.16, Eval std: 72.44
2023-05-30 22:38:54: [INFO]: Seed: 1, Step: 1360000, Eval mean: 164.52, Eval std: 55.77
2023-05-30 22:39:20: [INFO]: Seed: 2, Step: 1380000, Eval mean: 255.76, Eval std: 20.53
2023-05-30 22:39:21: [INFO]: Seed: 1, Step: 1380000, Eval mean: 176.73, Eval std: 66.77
2023-05-30 22:39:23: [INFO]: Seed: 3407, Step: 1380000, Eval mean: 193.32, Eval std: 77.98
2023-05-30 22:39:23: [INFO]: Seed: 42, Step: 1380000, Eval mean: 145.62, Eval std: 103.63
2023-05-30 22:39:24: [INFO]: Seed: 0, Step: 1380000, Eval mean: 210.62, Eval std: 38.36
2023-05-30 22:39:50: [INFO]: Seed: 2, Step: 1400000, Eval mean: 246.67, Eval std: 23.50
2023-05-30 22:39:53: [INFO]: Seed: 1, Step: 1400000, Eval mean: 162.27, Eval std: 81.11
2023-05-30 22:39:54: [INFO]: Seed: 3407, Step: 1400000, Eval mean: 200.91, Eval std: 84.90
2023-05-30 22:39:54: [INFO]: Seed: 42, Step: 1400000, Eval mean: 59.86, Eval std: 104.35
2023-05-30 22:39:56: [INFO]: Seed: 0, Step: 1400000, Eval mean: 227.40, Eval std: 82.53
2023-05-30 22:39:56: [INFO]: Seed: 0, Save best model at eval mean 227.3968 and step 1400000
2023-05-30 22:40:22: [INFO]: Seed: 1, Step: 1420000, Eval mean: 227.24, Eval std: 32.28
2023-05-30 22:40:22: [INFO]: Seed: 1, Save best model at eval mean 227.2443 and step 1420000
2023-05-30 22:40:23: [INFO]: Seed: 2, Step: 1420000, Eval mean: 261.85, Eval std: 24.44
2023-05-30 22:40:25: [INFO]: Seed: 42, Step: 1420000, Eval mean: 188.49, Eval std: 89.47
2023-05-30 22:40:25: [INFO]: Seed: 3407, Step: 1420000, Eval mean: 205.06, Eval std: 79.75
2023-05-30 22:40:28: [INFO]: Seed: 0, Step: 1420000, Eval mean: 194.58, Eval std: 100.29
2023-05-30 22:40:58: [INFO]: Seed: 2, Step: 1440000, Eval mean: 207.99, Eval std: 88.19
2023-05-30 22:41:01: [INFO]: Seed: 42, Step: 1440000, Eval mean: 138.28, Eval std: 109.16
2023-05-30 22:41:01: [INFO]: Seed: 1, Step: 1440000, Eval mean: 188.49, Eval std: 68.69
2023-05-30 22:41:02: [INFO]: Seed: 0, Step: 1440000, Eval mean: 176.39, Eval std: 93.71
2023-05-30 22:41:02: [INFO]: Seed: 3407, Step: 1440000, Eval mean: 226.47, Eval std: 34.23
2023-05-30 22:41:37: [INFO]: Seed: 2, Step: 1460000, Eval mean: 222.67, Eval std: 92.61
2023-05-30 22:41:38: [INFO]: Seed: 1, Step: 1460000, Eval mean: 205.07, Eval std: 24.98
2023-05-30 22:41:38: [INFO]: Seed: 3407, Step: 1460000, Eval mean: 239.50, Eval std: 21.87
2023-05-30 22:41:40: [INFO]: Seed: 42, Step: 1460000, Eval mean: 216.68, Eval std: 75.89
2023-05-30 22:41:40: [INFO]: Seed: 42, Save best model at eval mean 216.6790 and step 1460000
2023-05-30 22:41:40: [INFO]: Seed: 0, Step: 1460000, Eval mean: 167.54, Eval std: 78.99
2023-05-30 22:42:07: [INFO]: Seed: 2, Step: 1480000, Eval mean: 209.82, Eval std: 84.75
2023-05-30 22:42:10: [INFO]: Seed: 1, Step: 1480000, Eval mean: 211.44, Eval std: 31.66
2023-05-30 22:42:11: [INFO]: Seed: 42, Step: 1480000, Eval mean: 200.57, Eval std: 77.21
2023-05-30 22:42:12: [INFO]: Seed: 3407, Step: 1480000, Eval mean: 217.06, Eval std: 31.86
2023-05-30 22:42:15: [INFO]: Seed: 0, Step: 1480000, Eval mean: 158.42, Eval std: 82.80
2023-05-30 22:42:42: [INFO]: Seed: 2, Step: 1500000, Eval mean: 255.22, Eval std: 18.51
2023-05-30 22:42:44: [INFO]: Seed: 1, Step: 1500000, Eval mean: 202.36, Eval std: 77.99
2023-05-30 22:42:44: [INFO]: Seed: 3407, Step: 1500000, Eval mean: 194.82, Eval std: 112.31
2023-05-30 22:42:45: [INFO]: Seed: 42, Step: 1500000, Eval mean: 191.61, Eval std: 68.39
2023-05-30 22:42:46: [INFO]: Seed: 0, Step: 1500000, Eval mean: 171.85, Eval std: 72.52
2023-05-30 22:43:15: [INFO]: Seed: 2, Step: 1520000, Eval mean: 237.49, Eval std: 71.01
2023-05-30 22:43:16: [INFO]: Seed: 1, Step: 1520000, Eval mean: 196.45, Eval std: 23.88
2023-05-30 22:43:18: [INFO]: Seed: 0, Step: 1520000, Eval mean: 187.77, Eval std: 70.20
2023-05-30 22:43:19: [INFO]: Seed: 42, Step: 1520000, Eval mean: 219.96, Eval std: 23.18
2023-05-30 22:43:19: [INFO]: Seed: 42, Save best model at eval mean 219.9622 and step 1520000
2023-05-30 22:43:22: [INFO]: Seed: 3407, Step: 1520000, Eval mean: 225.67, Eval std: 30.18
2023-05-30 22:43:51: [INFO]: Seed: 2, Step: 1540000, Eval mean: 248.96, Eval std: 29.50
2023-05-30 22:43:52: [INFO]: Seed: 1, Step: 1540000, Eval mean: 221.76, Eval std: 31.74
2023-05-30 22:43:53: [INFO]: Seed: 3407, Step: 1540000, Eval mean: 218.05, Eval std: 62.12
2023-05-30 22:43:53: [INFO]: Seed: 42, Step: 1540000, Eval mean: 195.12, Eval std: 63.88
2023-05-30 22:43:55: [INFO]: Seed: 0, Step: 1540000, Eval mean: 184.32, Eval std: 75.29
2023-05-30 22:44:27: [INFO]: Seed: 2, Step: 1560000, Eval mean: 251.80, Eval std: 80.45
2023-05-30 22:44:28: [INFO]: Seed: 1, Step: 1560000, Eval mean: 218.82, Eval std: 25.66
2023-05-30 22:44:31: [INFO]: Seed: 42, Step: 1560000, Eval mean: 179.68, Eval std: 70.34
2023-05-30 22:44:31: [INFO]: Seed: 0, Step: 1560000, Eval mean: 205.41, Eval std: 58.61
2023-05-30 22:44:32: [INFO]: Seed: 3407, Step: 1560000, Eval mean: 253.61, Eval std: 20.70
2023-05-30 22:44:32: [INFO]: Seed: 3407, Save best model at eval mean 253.6055 and step 1560000
2023-05-30 22:45:00: [INFO]: Seed: 1, Step: 1580000, Eval mean: 194.04, Eval std: 63.68
2023-05-30 22:45:00: [INFO]: Seed: 2, Step: 1580000, Eval mean: 255.20, Eval std: 26.75
2023-05-30 22:45:02: [INFO]: Seed: 42, Step: 1580000, Eval mean: 176.89, Eval std: 87.78
2023-05-30 22:45:04: [INFO]: Seed: 0, Step: 1580000, Eval mean: 222.58, Eval std: 85.70
2023-05-30 22:45:04: [INFO]: Seed: 3407, Step: 1580000, Eval mean: 194.93, Eval std: 94.02
2023-05-30 22:45:33: [INFO]: Seed: 2, Step: 1600000, Eval mean: 224.88, Eval std: 85.70
2023-05-30 22:45:35: [INFO]: Seed: 1, Step: 1600000, Eval mean: 194.44, Eval std: 71.22
2023-05-30 22:45:35: [INFO]: Seed: 3407, Step: 1600000, Eval mean: 226.19, Eval std: 76.44
2023-05-30 22:45:36: [INFO]: Seed: 42, Step: 1600000, Eval mean: 198.13, Eval std: 81.77
2023-05-30 22:45:37: [INFO]: Seed: 0, Step: 1600000, Eval mean: 195.64, Eval std: 61.24
2023-05-30 22:46:05: [INFO]: Seed: 2, Step: 1620000, Eval mean: 243.52, Eval std: 31.42
2023-05-30 22:46:08: [INFO]: Seed: 3407, Step: 1620000, Eval mean: 194.76, Eval std: 108.19
2023-05-30 22:46:08: [INFO]: Seed: 1, Step: 1620000, Eval mean: 238.82, Eval std: 39.65
2023-05-30 22:46:08: [INFO]: Seed: 1, Save best model at eval mean 238.8168 and step 1620000
2023-05-30 22:46:09: [INFO]: Seed: 42, Step: 1620000, Eval mean: 169.03, Eval std: 65.51
2023-05-30 22:46:10: [INFO]: Seed: 0, Step: 1620000, Eval mean: 189.47, Eval std: 90.05
2023-05-30 22:46:41: [INFO]: Seed: 2, Step: 1640000, Eval mean: 270.85, Eval std: 20.82
2023-05-30 22:46:41: [INFO]: Seed: 2, Save best model at eval mean 270.8492 and step 1640000
2023-05-30 22:46:42: [INFO]: Seed: 1, Step: 1640000, Eval mean: 222.87, Eval std: 47.59
2023-05-30 22:46:45: [INFO]: Seed: 3407, Step: 1640000, Eval mean: 234.59, Eval std: 24.62
2023-05-30 22:46:45: [INFO]: Seed: 0, Step: 1640000, Eval mean: 182.21, Eval std: 87.02
2023-05-30 22:46:46: [INFO]: Seed: 42, Step: 1640000, Eval mean: 151.81, Eval std: 78.56
2023-05-30 22:47:14: [INFO]: Seed: 1, Step: 1660000, Eval mean: 200.35, Eval std: 99.32
2023-05-30 22:47:15: [INFO]: Seed: 2, Step: 1660000, Eval mean: 253.93, Eval std: 35.24
2023-05-30 22:47:19: [INFO]: Seed: 42, Step: 1660000, Eval mean: 205.75, Eval std: 78.13
2023-05-30 22:47:21: [INFO]: Seed: 3407, Step: 1660000, Eval mean: 207.08, Eval std: 75.27
2023-05-30 22:47:22: [INFO]: Seed: 0, Step: 1660000, Eval mean: 224.62, Eval std: 35.74
2023-05-30 22:47:49: [INFO]: Seed: 3407, Step: 1680000, Eval mean: 243.20, Eval std: 17.80
2023-05-30 22:47:50: [INFO]: Seed: 2, Step: 1680000, Eval mean: 213.96, Eval std: 61.17
2023-05-30 22:47:53: [INFO]: Seed: 1, Step: 1680000, Eval mean: 232.57, Eval std: 29.91
2023-05-30 22:47:53: [INFO]: Seed: 42, Step: 1680000, Eval mean: 208.81, Eval std: 21.46
2023-05-30 22:47:55: [INFO]: Seed: 0, Step: 1680000, Eval mean: 220.96, Eval std: 88.81
2023-05-30 22:48:23: [INFO]: Seed: 2, Step: 1700000, Eval mean: 241.81, Eval std: 23.69
2023-05-30 22:48:26: [INFO]: Seed: 1, Step: 1700000, Eval mean: 194.75, Eval std: 69.02
2023-05-30 22:48:27: [INFO]: Seed: 3407, Step: 1700000, Eval mean: 251.60, Eval std: 30.93
2023-05-30 22:48:27: [INFO]: Seed: 42, Step: 1700000, Eval mean: 201.58, Eval std: 42.93
2023-05-30 22:48:27: [INFO]: Seed: 0, Step: 1700000, Eval mean: 122.42, Eval std: 92.60
2023-05-30 22:48:56: [INFO]: Seed: 2, Step: 1720000, Eval mean: 246.91, Eval std: 21.01
2023-05-30 22:48:57: [INFO]: Seed: 3407, Step: 1720000, Eval mean: 243.12, Eval std: 35.55
2023-05-30 22:48:58: [INFO]: Seed: 1, Step: 1720000, Eval mean: 220.94, Eval std: 50.29
2023-05-30 22:49:00: [INFO]: Seed: 0, Step: 1720000, Eval mean: 179.32, Eval std: 105.62
2023-05-30 22:49:01: [INFO]: Seed: 42, Step: 1720000, Eval mean: 187.72, Eval std: 78.84
2023-05-30 22:49:33: [INFO]: Seed: 2, Step: 1740000, Eval mean: 235.62, Eval std: 81.20
2023-05-30 22:49:35: [INFO]: Seed: 1, Step: 1740000, Eval mean: 241.97, Eval std: 37.35
2023-05-30 22:49:35: [INFO]: Seed: 1, Save best model at eval mean 241.9658 and step 1740000
2023-05-30 22:49:37: [INFO]: Seed: 42, Step: 1740000, Eval mean: 194.61, Eval std: 61.76
2023-05-30 22:49:37: [INFO]: Seed: 0, Step: 1740000, Eval mean: 177.88, Eval std: 95.11
2023-05-30 22:49:37: [INFO]: Seed: 3407, Step: 1740000, Eval mean: 225.21, Eval std: 71.60
2023-05-30 22:50:08: [INFO]: Seed: 1, Step: 1760000, Eval mean: 222.06, Eval std: 37.81
2023-05-30 22:50:08: [INFO]: Seed: 2, Step: 1760000, Eval mean: 217.54, Eval std: 62.18
2023-05-30 22:50:09: [INFO]: Seed: 0, Step: 1760000, Eval mean: 215.32, Eval std: 95.02
2023-05-30 22:50:11: [INFO]: Seed: 42, Step: 1760000, Eval mean: 212.48, Eval std: 19.15
2023-05-30 22:50:12: [INFO]: Seed: 3407, Step: 1760000, Eval mean: 221.96, Eval std: 47.77
2023-05-30 22:50:42: [INFO]: Seed: 2, Step: 1780000, Eval mean: 252.60, Eval std: 28.13
2023-05-30 22:50:43: [INFO]: Seed: 1, Step: 1780000, Eval mean: 195.28, Eval std: 69.37
2023-05-30 22:50:44: [INFO]: Seed: 3407, Step: 1780000, Eval mean: 253.06, Eval std: 16.80
2023-05-30 22:50:44: [INFO]: Seed: 0, Step: 1780000, Eval mean: 135.07, Eval std: 105.89
2023-05-30 22:50:45: [INFO]: Seed: 42, Step: 1780000, Eval mean: 214.98, Eval std: 74.65
2023-05-30 22:51:14: [INFO]: Seed: 2, Step: 1800000, Eval mean: 244.76, Eval std: 31.65
2023-05-30 22:51:16: [INFO]: Seed: 1, Step: 1800000, Eval mean: 206.02, Eval std: 73.34
2023-05-30 22:51:17: [INFO]: Seed: 3407, Step: 1800000, Eval mean: 230.07, Eval std: 62.18
2023-05-30 22:51:18: [INFO]: Seed: 42, Step: 1800000, Eval mean: 159.90, Eval std: 77.93
2023-05-30 22:51:18: [INFO]: Seed: 0, Step: 1800000, Eval mean: 205.71, Eval std: 63.18
2023-05-30 22:51:50: [INFO]: Seed: 2, Step: 1820000, Eval mean: 266.75, Eval std: 24.58
2023-05-30 22:51:54: [INFO]: Seed: 42, Step: 1820000, Eval mean: 216.93, Eval std: 68.26
2023-05-30 22:51:54: [INFO]: Seed: 1, Step: 1820000, Eval mean: 214.97, Eval std: 32.53
2023-05-30 22:51:55: [INFO]: Seed: 3407, Step: 1820000, Eval mean: 238.58, Eval std: 23.19
2023-05-30 22:51:55: [INFO]: Seed: 0, Step: 1820000, Eval mean: 141.18, Eval std: 90.84
2023-05-30 22:52:23: [INFO]: Seed: 2, Step: 1840000, Eval mean: 245.76, Eval std: 24.38
2023-05-30 22:52:24: [INFO]: Seed: 3407, Step: 1840000, Eval mean: 247.48, Eval std: 29.55
2023-05-30 22:52:25: [INFO]: Seed: 1, Step: 1840000, Eval mean: 233.59, Eval std: 44.98
2023-05-30 22:52:26: [INFO]: Seed: 42, Step: 1840000, Eval mean: 215.35, Eval std: 41.73
2023-05-30 22:52:27: [INFO]: Seed: 0, Step: 1840000, Eval mean: 193.94, Eval std: 90.78
2023-05-30 22:52:56: [INFO]: Seed: 2, Step: 1860000, Eval mean: 186.12, Eval std: 109.62
2023-05-30 22:52:57: [INFO]: Seed: 1, Step: 1860000, Eval mean: 208.77, Eval std: 74.36
2023-05-30 22:52:59: [INFO]: Seed: 0, Step: 1860000, Eval mean: 158.55, Eval std: 111.78
2023-05-30 22:52:59: [INFO]: Seed: 42, Step: 1860000, Eval mean: 179.64, Eval std: 91.81
2023-05-30 22:53:00: [INFO]: Seed: 3407, Step: 1860000, Eval mean: 194.26, Eval std: 68.37
2023-05-30 22:53:29: [INFO]: Seed: 2, Step: 1880000, Eval mean: 192.31, Eval std: 105.98
2023-05-30 22:53:30: [INFO]: Seed: 42, Step: 1880000, Eval mean: 147.18, Eval std: 107.09
2023-05-30 22:53:31: [INFO]: Seed: 1, Step: 1880000, Eval mean: 238.26, Eval std: 28.77
2023-05-30 22:53:31: [INFO]: Seed: 3407, Step: 1880000, Eval mean: 231.92, Eval std: 37.80
2023-05-30 22:53:32: [INFO]: Seed: 0, Step: 1880000, Eval mean: 127.36, Eval std: 109.33
2023-05-30 22:54:01: [INFO]: Seed: 2, Step: 1900000, Eval mean: 247.30, Eval std: 29.37
2023-05-30 22:54:01: [INFO]: Seed: 1, Step: 1900000, Eval mean: 182.82, Eval std: 97.03
2023-05-30 22:54:03: [INFO]: Seed: 42, Step: 1900000, Eval mean: 190.09, Eval std: 73.30
2023-05-30 22:54:05: [INFO]: Seed: 3407, Step: 1900000, Eval mean: 233.65, Eval std: 38.87
2023-05-30 22:54:05: [INFO]: Seed: 0, Step: 1900000, Eval mean: 118.74, Eval std: 92.18
2023-05-30 22:54:38: [INFO]: Seed: 3407, Step: 1920000, Eval mean: 247.46, Eval std: 17.09
2023-05-30 22:54:38: [INFO]: Seed: 2, Step: 1920000, Eval mean: 212.76, Eval std: 82.24
2023-05-30 22:54:38: [INFO]: Seed: 1, Step: 1920000, Eval mean: 217.08, Eval std: 70.90
2023-05-30 22:54:39: [INFO]: Seed: 42, Step: 1920000, Eval mean: 215.13, Eval std: 30.12
2023-05-30 22:54:40: [INFO]: Seed: 0, Step: 1920000, Eval mean: 173.04, Eval std: 88.69
2023-05-30 22:55:10: [INFO]: Seed: 2, Step: 1940000, Eval mean: 232.06, Eval std: 75.27
2023-05-30 22:55:11: [INFO]: Seed: 0, Step: 1940000, Eval mean: 172.66, Eval std: 98.27
2023-05-30 22:55:11: [INFO]: Seed: 1, Step: 1940000, Eval mean: 190.04, Eval std: 91.15
2023-05-30 22:55:12: [INFO]: Seed: 3407, Step: 1940000, Eval mean: 249.33, Eval std: 21.61
2023-05-30 22:55:14: [INFO]: Seed: 42, Step: 1940000, Eval mean: 122.27, Eval std: 119.09
2023-05-30 22:55:40: [INFO]: Seed: 2, Step: 1960000, Eval mean: 242.44, Eval std: 70.66
2023-05-30 22:55:41: [INFO]: Seed: 1, Step: 1960000, Eval mean: 227.60, Eval std: 30.03
2023-05-30 22:55:44: [INFO]: Seed: 0, Step: 1960000, Eval mean: 190.76, Eval std: 85.76
2023-05-30 22:55:44: [INFO]: Seed: 42, Step: 1960000, Eval mean: 199.69, Eval std: 56.01
2023-05-30 22:55:45: [INFO]: Seed: 3407, Step: 1960000, Eval mean: 212.79, Eval std: 51.40
2023-05-30 22:56:12: [INFO]: Seed: 2, Step: 1980000, Eval mean: 224.64, Eval std: 82.59
2023-05-30 22:56:13: [INFO]: Seed: 1, Step: 1980000, Eval mean: 229.84, Eval std: 40.65
2023-05-30 22:56:14: [INFO]: Seed: 42, Step: 1980000, Eval mean: 233.86, Eval std: 33.95
2023-05-30 22:56:14: [INFO]: Seed: 42, Save best model at eval mean 233.8575 and step 1980000
2023-05-30 22:56:16: [INFO]: Seed: 0, Step: 1980000, Eval mean: 168.29, Eval std: 114.01
2023-05-30 22:56:17: [INFO]: Seed: 3407, Step: 1980000, Eval mean: 183.78, Eval std: 69.29
2023-05-30 22:56:48: [INFO]: Seed: 2, Step: 2000000, Eval mean: 195.32, Eval std: 71.31
2023-05-30 22:56:48: [INFO]: Seed: 1, Step: 2000000, Eval mean: 248.92, Eval std: 30.32
2023-05-30 22:56:48: [INFO]: Seed: 1, Save best model at eval mean 248.9191 and step 2000000
2023-05-30 22:56:52: [INFO]: Seed: 42, Step: 2000000, Eval mean: 188.81, Eval std: 56.61
2023-05-30 22:56:52: [INFO]: Seed: 0, Step: 2000000, Eval mean: 196.43, Eval std: 79.82
2023-05-30 22:56:53: [INFO]: Seed: 3407, Step: 2000000, Eval mean: 196.67, Eval std: 79.59
2023-05-30 22:57:19: [INFO]: Seed: 1, Step: 2020000, Eval mean: 223.91, Eval std: 78.78
2023-05-30 22:57:21: [INFO]: Seed: 2, Step: 2020000, Eval mean: 178.73, Eval std: 90.83
2023-05-30 22:57:22: [INFO]: Seed: 42, Step: 2020000, Eval mean: 177.55, Eval std: 57.32
2023-05-30 22:57:23: [INFO]: Seed: 3407, Step: 2020000, Eval mean: 211.61, Eval std: 65.95
2023-05-30 22:57:24: [INFO]: Seed: 0, Step: 2020000, Eval mean: 204.49, Eval std: 54.17
2023-05-30 22:57:51: [INFO]: Seed: 2, Step: 2040000, Eval mean: 242.97, Eval std: 17.11
2023-05-30 22:57:51: [INFO]: Seed: 1, Step: 2040000, Eval mean: 200.61, Eval std: 73.79
2023-05-30 22:57:54: [INFO]: Seed: 42, Step: 2040000, Eval mean: 215.28, Eval std: 35.69
2023-05-30 22:57:56: [INFO]: Seed: 0, Step: 2040000, Eval mean: 170.68, Eval std: 99.19
2023-05-30 22:57:56: [INFO]: Seed: 3407, Step: 2040000, Eval mean: 233.60, Eval std: 47.97
2023-05-30 22:58:23: [INFO]: Seed: 1, Step: 2060000, Eval mean: 242.11, Eval std: 35.05
2023-05-30 22:58:24: [INFO]: Seed: 2, Step: 2060000, Eval mean: 252.18, Eval std: 23.16
2023-05-30 22:58:27: [INFO]: Seed: 0, Step: 2060000, Eval mean: 178.73, Eval std: 91.37
2023-05-30 22:58:28: [INFO]: Seed: 42, Step: 2060000, Eval mean: 243.35, Eval std: 43.25
2023-05-30 22:58:28: [INFO]: Seed: 42, Save best model at eval mean 243.3502 and step 2060000
2023-05-30 22:58:28: [INFO]: Seed: 3407, Step: 2060000, Eval mean: 206.96, Eval std: 77.80
2023-05-30 22:58:57: [INFO]: Seed: 1, Step: 2080000, Eval mean: 209.83, Eval std: 93.66
2023-05-30 22:58:57: [INFO]: Seed: 2, Step: 2080000, Eval mean: 241.70, Eval std: 29.43
2023-05-30 22:58:59: [INFO]: Seed: 0, Step: 2080000, Eval mean: 144.39, Eval std: 112.05
2023-05-30 22:59:00: [INFO]: Seed: 42, Step: 2080000, Eval mean: 236.27, Eval std: 33.77
2023-05-30 22:59:02: [INFO]: Seed: 3407, Step: 2080000, Eval mean: 229.78, Eval std: 34.23
2023-05-30 22:59:33: [INFO]: Seed: 1, Step: 2100000, Eval mean: 217.86, Eval std: 75.12
2023-05-30 22:59:35: [INFO]: Seed: 42, Step: 2100000, Eval mean: 217.90, Eval std: 20.60
2023-05-30 22:59:36: [INFO]: Seed: 0, Step: 2100000, Eval mean: 241.52, Eval std: 23.04
2023-05-30 22:59:36: [INFO]: Seed: 0, Save best model at eval mean 241.5161 and step 2100000
2023-05-30 22:59:37: [INFO]: Seed: 2, Step: 2100000, Eval mean: 205.75, Eval std: 117.56
2023-05-30 22:59:37: [INFO]: Seed: 3407, Step: 2100000, Eval mean: 187.37, Eval std: 82.14
2023-05-30 23:00:03: [INFO]: Seed: 1, Step: 2120000, Eval mean: 233.81, Eval std: 79.01
2023-05-30 23:00:04: [INFO]: Seed: 2, Step: 2120000, Eval mean: 245.35, Eval std: 39.11
2023-05-30 23:00:06: [INFO]: Seed: 0, Step: 2120000, Eval mean: 185.18, Eval std: 78.50
2023-05-30 23:00:07: [INFO]: Seed: 42, Step: 2120000, Eval mean: 227.57, Eval std: 39.47
2023-05-30 23:00:10: [INFO]: Seed: 3407, Step: 2120000, Eval mean: 203.31, Eval std: 36.94
2023-05-30 23:00:39: [INFO]: Seed: 2, Step: 2140000, Eval mean: 265.25, Eval std: 25.07
2023-05-30 23:00:39: [INFO]: Seed: 1, Step: 2140000, Eval mean: 220.04, Eval std: 26.00
2023-05-30 23:00:40: [INFO]: Seed: 42, Step: 2140000, Eval mean: 185.03, Eval std: 59.46
2023-05-30 23:00:43: [INFO]: Seed: 3407, Step: 2140000, Eval mean: 174.58, Eval std: 121.91
2023-05-30 23:00:45: [INFO]: Seed: 0, Step: 2140000, Eval mean: 183.97, Eval std: 96.21
2023-05-30 23:01:11: [INFO]: Seed: 1, Step: 2160000, Eval mean: 236.83, Eval std: 77.24
2023-05-30 23:01:14: [INFO]: Seed: 3407, Step: 2160000, Eval mean: 222.85, Eval std: 66.42
2023-05-30 23:01:14: [INFO]: Seed: 2, Step: 2160000, Eval mean: 220.68, Eval std: 85.02
2023-05-30 23:01:15: [INFO]: Seed: 42, Step: 2160000, Eval mean: 215.66, Eval std: 40.23
2023-05-30 23:01:16: [INFO]: Seed: 0, Step: 2160000, Eval mean: 171.72, Eval std: 98.82
2023-05-30 23:01:48: [INFO]: Seed: 2, Step: 2180000, Eval mean: 223.48, Eval std: 78.13
2023-05-30 23:01:48: [INFO]: Seed: 1, Step: 2180000, Eval mean: 244.72, Eval std: 36.46
2023-05-30 23:01:50: [INFO]: Seed: 3407, Step: 2180000, Eval mean: 197.77, Eval std: 71.58
2023-05-30 23:01:51: [INFO]: Seed: 0, Step: 2180000, Eval mean: 154.53, Eval std: 89.43
2023-05-30 23:01:51: [INFO]: Seed: 42, Step: 2180000, Eval mean: 208.92, Eval std: 74.28
2023-05-30 23:02:17: [INFO]: Seed: 1, Step: 2200000, Eval mean: 217.89, Eval std: 81.26
2023-05-30 23:02:21: [INFO]: Seed: 2, Step: 2200000, Eval mean: 265.52, Eval std: 27.24
2023-05-30 23:02:23: [INFO]: Seed: 42, Step: 2200000, Eval mean: 205.22, Eval std: 31.42
2023-05-30 23:02:23: [INFO]: Seed: 0, Step: 2200000, Eval mean: 225.98, Eval std: 32.33
2023-05-30 23:02:24: [INFO]: Seed: 3407, Step: 2200000, Eval mean: 207.56, Eval std: 38.26
2023-05-30 23:02:51: [INFO]: Seed: 1, Step: 2220000, Eval mean: 202.97, Eval std: 62.05
2023-05-30 23:02:52: [INFO]: Seed: 2, Step: 2220000, Eval mean: 239.18, Eval std: 95.91
2023-05-30 23:02:52: [INFO]: Seed: 3407, Step: 2220000, Eval mean: 247.43, Eval std: 34.55
2023-05-30 23:02:55: [INFO]: Seed: 42, Step: 2220000, Eval mean: 201.43, Eval std: 86.26
2023-05-30 23:02:56: [INFO]: Seed: 0, Step: 2220000, Eval mean: 209.17, Eval std: 67.76
2023-05-30 23:03:23: [INFO]: Seed: 1, Step: 2240000, Eval mean: 235.80, Eval std: 26.40
2023-05-30 23:03:24: [INFO]: Seed: 2, Step: 2240000, Eval mean: 255.49, Eval std: 32.57
2023-05-30 23:03:26: [INFO]: Seed: 3407, Step: 2240000, Eval mean: 239.01, Eval std: 13.33
2023-05-30 23:03:28: [INFO]: Seed: 42, Step: 2240000, Eval mean: 210.24, Eval std: 43.65
2023-05-30 23:03:28: [INFO]: Seed: 0, Step: 2240000, Eval mean: 193.35, Eval std: 104.25
2023-05-30 23:03:55: [INFO]: Seed: 1, Step: 2260000, Eval mean: 235.27, Eval std: 32.33
2023-05-30 23:03:56: [INFO]: Seed: 2, Step: 2260000, Eval mean: 245.43, Eval std: 20.79
2023-05-30 23:03:56: [INFO]: Seed: 3407, Step: 2260000, Eval mean: 230.50, Eval std: 62.18
2023-05-30 23:03:58: [INFO]: Seed: 0, Step: 2260000, Eval mean: 182.07, Eval std: 91.36
2023-05-30 23:03:58: [INFO]: Seed: 42, Step: 2260000, Eval mean: 229.66, Eval std: 28.28
2023-05-30 23:04:29: [INFO]: Seed: 3407, Step: 2280000, Eval mean: 229.33, Eval std: 78.06
2023-05-30 23:04:29: [INFO]: Seed: 1, Step: 2280000, Eval mean: 194.38, Eval std: 117.77
2023-05-30 23:04:30: [INFO]: Seed: 2, Step: 2280000, Eval mean: 151.59, Eval std: 100.23
2023-05-30 23:04:30: [INFO]: Seed: 42, Step: 2280000, Eval mean: 193.84, Eval std: 64.44
2023-05-30 23:04:32: [INFO]: Seed: 0, Step: 2280000, Eval mean: 194.03, Eval std: 92.64
2023-05-30 23:04:58: [INFO]: Seed: 2, Step: 2300000, Eval mean: 214.31, Eval std: 96.31
2023-05-30 23:05:01: [INFO]: Seed: 3407, Step: 2300000, Eval mean: 230.58, Eval std: 71.72
2023-05-30 23:05:01: [INFO]: Seed: 1, Step: 2300000, Eval mean: 232.80, Eval std: 74.50
2023-05-30 23:05:02: [INFO]: Seed: 42, Step: 2300000, Eval mean: 201.33, Eval std: 58.91
2023-05-30 23:05:06: [INFO]: Seed: 0, Step: 2300000, Eval mean: 225.49, Eval std: 67.02
2023-05-30 23:05:31: [INFO]: Seed: 3407, Step: 2320000, Eval mean: 233.27, Eval std: 62.88
2023-05-30 23:05:32: [INFO]: Seed: 2, Step: 2320000, Eval mean: 257.36, Eval std: 24.63
2023-05-30 23:05:32: [INFO]: Seed: 1, Step: 2320000, Eval mean: 188.41, Eval std: 94.44
2023-05-30 23:05:35: [INFO]: Seed: 42, Step: 2320000, Eval mean: 192.74, Eval std: 74.60
2023-05-30 23:05:37: [INFO]: Seed: 0, Step: 2320000, Eval mean: 220.17, Eval std: 77.98
2023-05-30 23:06:04: [INFO]: Seed: 3407, Step: 2340000, Eval mean: 245.18, Eval std: 31.96
2023-05-30 23:06:04: [INFO]: Seed: 1, Step: 2340000, Eval mean: 194.05, Eval std: 73.35
2023-05-30 23:06:05: [INFO]: Seed: 2, Step: 2340000, Eval mean: 224.19, Eval std: 101.82
2023-05-30 23:06:07: [INFO]: Seed: 42, Step: 2340000, Eval mean: 224.11, Eval std: 26.68
2023-05-30 23:06:09: [INFO]: Seed: 0, Step: 2340000, Eval mean: 225.62, Eval std: 70.98
2023-05-30 23:06:41: [INFO]: Seed: 2, Step: 2360000, Eval mean: 196.37, Eval std: 79.67
2023-05-30 23:06:42: [INFO]: Seed: 1, Step: 2360000, Eval mean: 220.77, Eval std: 67.10
2023-05-30 23:06:43: [INFO]: Seed: 3407, Step: 2360000, Eval mean: 254.61, Eval std: 17.55
2023-05-30 23:06:43: [INFO]: Seed: 3407, Save best model at eval mean 254.6131 and step 2360000
2023-05-30 23:06:44: [INFO]: Seed: 42, Step: 2360000, Eval mean: 214.63, Eval std: 30.32
2023-05-30 23:06:45: [INFO]: Seed: 0, Step: 2360000, Eval mean: 201.95, Eval std: 82.99
2023-05-30 23:07:11: [INFO]: Seed: 3407, Step: 2380000, Eval mean: 222.80, Eval std: 72.08
2023-05-30 23:07:13: [INFO]: Seed: 1, Step: 2380000, Eval mean: 231.19, Eval std: 60.62
2023-05-30 23:07:13: [INFO]: Seed: 2, Step: 2380000, Eval mean: 253.24, Eval std: 30.02
2023-05-30 23:07:14: [INFO]: Seed: 0, Step: 2380000, Eval mean: 170.34, Eval std: 121.41
2023-05-30 23:07:15: [INFO]: Seed: 42, Step: 2380000, Eval mean: 221.92, Eval std: 61.32
2023-05-30 23:07:41: [INFO]: Seed: 2, Step: 2400000, Eval mean: 223.18, Eval std: 68.81
2023-05-30 23:07:44: [INFO]: Seed: 3407, Step: 2400000, Eval mean: 245.22, Eval std: 28.58
2023-05-30 23:07:44: [INFO]: Seed: 42, Step: 2400000, Eval mean: 215.74, Eval std: 26.23
2023-05-30 23:07:44: [INFO]: Seed: 0, Step: 2400000, Eval mean: 167.46, Eval std: 79.86
2023-05-30 23:07:45: [INFO]: Seed: 1, Step: 2400000, Eval mean: 180.72, Eval std: 120.92
2023-05-30 23:08:11: [INFO]: Seed: 3407, Step: 2420000, Eval mean: 233.33, Eval std: 67.59
2023-05-30 23:08:14: [INFO]: Seed: 1, Step: 2420000, Eval mean: 234.56, Eval std: 71.82
2023-05-30 23:08:14: [INFO]: Seed: 42, Step: 2420000, Eval mean: 205.17, Eval std: 67.53
2023-05-30 23:08:14: [INFO]: Seed: 2, Step: 2420000, Eval mean: 213.51, Eval std: 96.44
2023-05-30 23:08:15: [INFO]: Seed: 0, Step: 2420000, Eval mean: 198.40, Eval std: 88.49
2023-05-30 23:08:44: [INFO]: Seed: 2, Step: 2440000, Eval mean: 240.47, Eval std: 78.52
2023-05-30 23:08:45: [INFO]: Seed: 1, Step: 2440000, Eval mean: 212.61, Eval std: 92.87
2023-05-30 23:08:45: [INFO]: Seed: 42, Step: 2440000, Eval mean: 213.05, Eval std: 22.62
2023-05-30 23:08:46: [INFO]: Seed: 0, Step: 2440000, Eval mean: 145.38, Eval std: 97.76
2023-05-30 23:08:47: [INFO]: Seed: 3407, Step: 2440000, Eval mean: 234.09, Eval std: 18.93
2023-05-30 23:09:17: [INFO]: Seed: 1, Step: 2460000, Eval mean: 209.52, Eval std: 78.23
2023-05-30 23:09:18: [INFO]: Seed: 2, Step: 2460000, Eval mean: 253.34, Eval std: 34.59
2023-05-30 23:09:20: [INFO]: Seed: 0, Step: 2460000, Eval mean: 211.62, Eval std: 74.43
2023-05-30 23:09:20: [INFO]: Seed: 42, Step: 2460000, Eval mean: 226.44, Eval std: 24.78
2023-05-30 23:09:20: [INFO]: Seed: 3407, Step: 2460000, Eval mean: 225.29, Eval std: 38.41
2023-05-30 23:09:48: [INFO]: Seed: 2, Step: 2480000, Eval mean: 245.26, Eval std: 63.86
2023-05-30 23:09:49: [INFO]: Seed: 1, Step: 2480000, Eval mean: 203.44, Eval std: 91.02
2023-05-30 23:09:50: [INFO]: Seed: 42, Step: 2480000, Eval mean: 223.98, Eval std: 32.34
2023-05-30 23:09:51: [INFO]: Seed: 3407, Step: 2480000, Eval mean: 241.62, Eval std: 39.32
2023-05-30 23:09:51: [INFO]: Seed: 0, Step: 2480000, Eval mean: 202.89, Eval std: 84.16
2023-05-30 23:10:20: [INFO]: Seed: 1, Step: 2500000, Eval mean: 241.77, Eval std: 35.73
2023-05-30 23:10:20: [INFO]: Seed: 0, Step: 2500000, Eval mean: 201.03, Eval std: 102.88
2023-05-30 23:10:21: [INFO]: Seed: 2, Step: 2500000, Eval mean: 242.65, Eval std: 68.34
2023-05-30 23:10:23: [INFO]: Seed: 3407, Step: 2500000, Eval mean: 253.66, Eval std: 27.94
2023-05-30 23:10:23: [INFO]: Seed: 42, Step: 2500000, Eval mean: 213.52, Eval std: 29.60
2023-05-30 23:10:50: [INFO]: Seed: 1, Step: 2520000, Eval mean: 202.80, Eval std: 101.62
2023-05-30 23:10:50: [INFO]: Seed: 2, Step: 2520000, Eval mean: 250.76, Eval std: 60.00
2023-05-30 23:10:51: [INFO]: Seed: 3407, Step: 2520000, Eval mean: 258.07, Eval std: 17.05
2023-05-30 23:10:51: [INFO]: Seed: 3407, Save best model at eval mean 258.0723 and step 2520000
2023-05-30 23:10:51: [INFO]: Seed: 42, Step: 2520000, Eval mean: 219.55, Eval std: 75.08
2023-05-30 23:10:52: [INFO]: Seed: 0, Step: 2520000, Eval mean: 216.82, Eval std: 76.89
2023-05-30 23:11:22: [INFO]: Seed: 2, Step: 2540000, Eval mean: 261.66, Eval std: 31.75
2023-05-30 23:11:24: [INFO]: Seed: 3407, Step: 2540000, Eval mean: 260.56, Eval std: 16.89
2023-05-30 23:11:24: [INFO]: Seed: 3407, Save best model at eval mean 260.5574 and step 2540000
2023-05-30 23:11:24: [INFO]: Seed: 0, Step: 2540000, Eval mean: 242.59, Eval std: 34.05
2023-05-30 23:11:24: [INFO]: Seed: 0, Save best model at eval mean 242.5932 and step 2540000
2023-05-30 23:11:25: [INFO]: Seed: 42, Step: 2540000, Eval mean: 227.83, Eval std: 86.17
2023-05-30 23:11:25: [INFO]: Seed: 1, Step: 2540000, Eval mean: 238.89, Eval std: 42.46
2023-05-30 23:11:52: [INFO]: Seed: 2, Step: 2560000, Eval mean: 213.43, Eval std: 85.41
2023-05-30 23:11:52: [INFO]: Seed: 3407, Step: 2560000, Eval mean: 235.16, Eval std: 31.69
2023-05-30 23:11:53: [INFO]: Seed: 1, Step: 2560000, Eval mean: 233.18, Eval std: 42.41
2023-05-30 23:11:53: [INFO]: Seed: 42, Step: 2560000, Eval mean: 230.53, Eval std: 89.75
2023-05-30 23:11:54: [INFO]: Seed: 0, Step: 2560000, Eval mean: 188.32, Eval std: 109.80
2023-05-30 23:12:21: [INFO]: Seed: 3407, Step: 2580000, Eval mean: 215.92, Eval std: 87.33
2023-05-30 23:12:21: [INFO]: Seed: 2, Step: 2580000, Eval mean: 250.20, Eval std: 18.48
2023-05-30 23:12:22: [INFO]: Seed: 42, Step: 2580000, Eval mean: 225.61, Eval std: 88.73
2023-05-30 23:12:22: [INFO]: Seed: 1, Step: 2580000, Eval mean: 191.26, Eval std: 115.09
2023-05-30 23:12:23: [INFO]: Seed: 0, Step: 2580000, Eval mean: 219.11, Eval std: 56.75
2023-05-30 23:12:50: [INFO]: Seed: 2, Step: 2600000, Eval mean: 258.65, Eval std: 24.16
2023-05-30 23:12:50: [INFO]: Seed: 3407, Step: 2600000, Eval mean: 237.57, Eval std: 65.26
2023-05-30 23:12:50: [INFO]: Seed: 1, Step: 2600000, Eval mean: 224.55, Eval std: 71.42
2023-05-30 23:12:52: [INFO]: Seed: 0, Step: 2600000, Eval mean: 207.44, Eval std: 64.43
2023-05-30 23:12:53: [INFO]: Seed: 42, Step: 2600000, Eval mean: 220.34, Eval std: 28.55
2023-05-30 23:13:19: [INFO]: Seed: 3407, Step: 2620000, Eval mean: 250.33, Eval std: 18.92
2023-05-30 23:13:20: [INFO]: Seed: 2, Step: 2620000, Eval mean: 244.28, Eval std: 76.48
2023-05-30 23:13:21: [INFO]: Seed: 1, Step: 2620000, Eval mean: 208.54, Eval std: 114.73
2023-05-30 23:13:21: [INFO]: Seed: 42, Step: 2620000, Eval mean: 220.56, Eval std: 34.52
2023-05-30 23:13:21: [INFO]: Seed: 0, Step: 2620000, Eval mean: 213.07, Eval std: 78.81
2023-05-30 23:13:51: [INFO]: Seed: 2, Step: 2640000, Eval mean: 250.15, Eval std: 42.64
2023-05-30 23:13:52: [INFO]: Seed: 1, Step: 2640000, Eval mean: 220.22, Eval std: 61.08
2023-05-30 23:13:53: [INFO]: Seed: 42, Step: 2640000, Eval mean: 184.66, Eval std: 106.04
2023-05-30 23:13:53: [INFO]: Seed: 3407, Step: 2640000, Eval mean: 242.97, Eval std: 26.54
2023-05-30 23:13:53: [INFO]: Seed: 0, Step: 2640000, Eval mean: 242.37, Eval std: 47.34
2023-05-30 23:14:20: [INFO]: Seed: 3407, Step: 2660000, Eval mean: 245.62, Eval std: 14.16
2023-05-30 23:14:22: [INFO]: Seed: 2, Step: 2660000, Eval mean: 254.58, Eval std: 44.09
2023-05-30 23:14:22: [INFO]: Seed: 42, Step: 2660000, Eval mean: 217.47, Eval std: 20.35
2023-05-30 23:14:23: [INFO]: Seed: 1, Step: 2660000, Eval mean: 184.60, Eval std: 93.25
2023-05-30 23:14:24: [INFO]: Seed: 0, Step: 2660000, Eval mean: 205.22, Eval std: 59.88
2023-05-30 23:14:52: [INFO]: Seed: 2, Step: 2680000, Eval mean: 249.44, Eval std: 22.45
2023-05-30 23:14:52: [INFO]: Seed: 1, Step: 2680000, Eval mean: 171.12, Eval std: 113.50
2023-05-30 23:14:53: [INFO]: Seed: 42, Step: 2680000, Eval mean: 207.85, Eval std: 73.63
2023-05-30 23:14:54: [INFO]: Seed: 3407, Step: 2680000, Eval mean: 237.33, Eval std: 68.18
2023-05-30 23:14:55: [INFO]: Seed: 0, Step: 2680000, Eval mean: 195.32, Eval std: 87.03
2023-05-30 23:15:22: [INFO]: Seed: 42, Step: 2700000, Eval mean: 211.23, Eval std: 76.74
2023-05-30 23:15:23: [INFO]: Seed: 0, Step: 2700000, Eval mean: 261.90, Eval std: 30.03
2023-05-30 23:15:23: [INFO]: Seed: 0, Save best model at eval mean 261.8953 and step 2700000
2023-05-30 23:15:23: [INFO]: Seed: 1, Step: 2700000, Eval mean: 183.37, Eval std: 79.39
2023-05-30 23:15:24: [INFO]: Seed: 2, Step: 2700000, Eval mean: 252.51, Eval std: 28.57
2023-05-30 23:15:24: [INFO]: Seed: 3407, Step: 2700000, Eval mean: 202.06, Eval std: 93.49
2023-05-30 23:15:55: [INFO]: Seed: 1, Step: 2720000, Eval mean: 267.76, Eval std: 36.70
2023-05-30 23:15:55: [INFO]: Seed: 1, Save best model at eval mean 267.7576 and step 2720000
2023-05-30 23:15:55: [INFO]: Seed: 2, Step: 2720000, Eval mean: 227.01, Eval std: 68.02
2023-05-30 23:15:56: [INFO]: Seed: 3407, Step: 2720000, Eval mean: 221.15, Eval std: 68.98
2023-05-30 23:15:56: [INFO]: Seed: 42, Step: 2720000, Eval mean: 257.33, Eval std: 28.91
2023-05-30 23:15:56: [INFO]: Seed: 42, Save best model at eval mean 257.3267 and step 2720000
2023-05-30 23:15:57: [INFO]: Seed: 0, Step: 2720000, Eval mean: 231.87, Eval std: 27.05
2023-05-30 23:16:24: [INFO]: Seed: 1, Step: 2740000, Eval mean: 252.54, Eval std: 31.30
2023-05-30 23:16:24: [INFO]: Seed: 2, Step: 2740000, Eval mean: 262.71, Eval std: 22.35
2023-05-30 23:16:25: [INFO]: Seed: 42, Step: 2740000, Eval mean: 233.24, Eval std: 46.62
2023-05-30 23:16:26: [INFO]: Seed: 3407, Step: 2740000, Eval mean: 236.26, Eval std: 74.50
2023-05-30 23:16:28: [INFO]: Seed: 0, Step: 2740000, Eval mean: 201.08, Eval std: 91.87
2023-05-30 23:16:56: [INFO]: Seed: 2, Step: 2760000, Eval mean: 238.09, Eval std: 23.93
2023-05-30 23:16:56: [INFO]: Seed: 3407, Step: 2760000, Eval mean: 247.14, Eval std: 18.37
2023-05-30 23:16:56: [INFO]: Seed: 42, Step: 2760000, Eval mean: 233.39, Eval std: 46.03
2023-05-30 23:16:57: [INFO]: Seed: 0, Step: 2760000, Eval mean: 208.23, Eval std: 93.90
2023-05-30 23:16:58: [INFO]: Seed: 1, Step: 2760000, Eval mean: 225.08, Eval std: 79.96
2023-05-30 23:17:26: [INFO]: Seed: 3407, Step: 2780000, Eval mean: 238.28, Eval std: 66.90
2023-05-30 23:17:26: [INFO]: Seed: 2, Step: 2780000, Eval mean: 248.23, Eval std: 61.01
2023-05-30 23:17:26: [INFO]: Seed: 1, Step: 2780000, Eval mean: 200.59, Eval std: 97.81
2023-05-30 23:17:27: [INFO]: Seed: 0, Step: 2780000, Eval mean: 255.49, Eval std: 34.74
2023-05-30 23:17:27: [INFO]: Seed: 42, Step: 2780000, Eval mean: 234.30, Eval std: 33.77
2023-05-30 23:17:55: [INFO]: Seed: 3407, Step: 2800000, Eval mean: 226.16, Eval std: 64.14
2023-05-30 23:17:55: [INFO]: Seed: 42, Step: 2800000, Eval mean: 238.94, Eval std: 34.08
2023-05-30 23:17:55: [INFO]: Seed: 2, Step: 2800000, Eval mean: 266.71, Eval std: 29.40
2023-05-30 23:17:56: [INFO]: Seed: 0, Step: 2800000, Eval mean: 226.30, Eval std: 30.44
2023-05-30 23:17:56: [INFO]: Seed: 1, Step: 2800000, Eval mean: 251.61, Eval std: 27.95
2023-05-30 23:18:28: [INFO]: Seed: 2, Step: 2820000, Eval mean: 269.76, Eval std: 22.36
2023-05-30 23:18:29: [INFO]: Seed: 3407, Step: 2820000, Eval mean: 237.29, Eval std: 20.84
2023-05-30 23:18:29: [INFO]: Seed: 0, Step: 2820000, Eval mean: 234.96, Eval std: 61.56
2023-05-30 23:18:29: [INFO]: Seed: 42, Step: 2820000, Eval mean: 197.62, Eval std: 86.02
2023-05-30 23:18:29: [INFO]: Seed: 1, Step: 2820000, Eval mean: 168.54, Eval std: 145.66
2023-05-30 23:18:57: [INFO]: Seed: 1, Step: 2840000, Eval mean: 202.01, Eval std: 97.91
2023-05-30 23:18:57: [INFO]: Seed: 2, Step: 2840000, Eval mean: 255.08, Eval std: 31.31
2023-05-30 23:18:58: [INFO]: Seed: 0, Step: 2840000, Eval mean: 167.28, Eval std: 129.88
2023-05-30 23:18:58: [INFO]: Seed: 42, Step: 2840000, Eval mean: 240.98, Eval std: 24.78
2023-05-30 23:18:59: [INFO]: Seed: 3407, Step: 2840000, Eval mean: 234.66, Eval std: 59.76
2023-05-30 23:19:26: [INFO]: Seed: 1, Step: 2860000, Eval mean: 197.25, Eval std: 94.65
2023-05-30 23:19:28: [INFO]: Seed: 42, Step: 2860000, Eval mean: 197.77, Eval std: 69.29
2023-05-30 23:19:28: [INFO]: Seed: 3407, Step: 2860000, Eval mean: 197.62, Eval std: 89.08
2023-05-30 23:19:28: [INFO]: Seed: 2, Step: 2860000, Eval mean: 259.05, Eval std: 22.19
2023-05-30 23:19:28: [INFO]: Seed: 0, Step: 2860000, Eval mean: 225.51, Eval std: 69.58
2023-05-30 23:19:55: [INFO]: Seed: 42, Step: 2880000, Eval mean: 254.21, Eval std: 26.24
2023-05-30 23:19:55: [INFO]: Seed: 3407, Step: 2880000, Eval mean: 229.07, Eval std: 74.52
2023-05-30 23:19:55: [INFO]: Seed: 1, Step: 2880000, Eval mean: 210.20, Eval std: 81.69
2023-05-30 23:19:55: [INFO]: Seed: 2, Step: 2880000, Eval mean: 263.11, Eval std: 24.31
2023-05-30 23:19:56: [INFO]: Seed: 0, Step: 2880000, Eval mean: 189.49, Eval std: 113.23
2023-05-30 23:20:24: [INFO]: Seed: 2, Step: 2900000, Eval mean: 207.53, Eval std: 111.19
2023-05-30 23:20:28: [INFO]: Seed: 42, Step: 2900000, Eval mean: 241.82, Eval std: 38.35
2023-05-30 23:20:28: [INFO]: Seed: 1, Step: 2900000, Eval mean: 229.40, Eval std: 62.68
2023-05-30 23:20:28: [INFO]: Seed: 3407, Step: 2900000, Eval mean: 230.87, Eval std: 68.13
2023-05-30 23:20:30: [INFO]: Seed: 0, Step: 2900000, Eval mean: 199.09, Eval std: 88.50
2023-05-30 23:20:57: [INFO]: Seed: 1, Step: 2920000, Eval mean: 221.97, Eval std: 102.84
2023-05-30 23:20:58: [INFO]: Seed: 3407, Step: 2920000, Eval mean: 241.06, Eval std: 33.47
2023-05-30 23:20:58: [INFO]: Seed: 2, Step: 2920000, Eval mean: 233.97, Eval std: 67.30
2023-05-30 23:20:58: [INFO]: Seed: 0, Step: 2920000, Eval mean: 157.28, Eval std: 110.00
2023-05-30 23:20:58: [INFO]: Seed: 42, Step: 2920000, Eval mean: 197.48, Eval std: 75.19
2023-05-30 23:21:23: [INFO]: Seed: 1, Step: 2940000, Eval mean: 163.90, Eval std: 110.47
2023-05-30 23:21:25: [INFO]: Seed: 42, Step: 2940000, Eval mean: 222.67, Eval std: 33.48
2023-05-30 23:21:26: [INFO]: Seed: 3407, Step: 2940000, Eval mean: 187.53, Eval std: 97.11
2023-05-30 23:21:26: [INFO]: Seed: 0, Step: 2940000, Eval mean: 231.55, Eval std: 61.03
2023-05-30 23:21:27: [INFO]: Seed: 2, Step: 2940000, Eval mean: 250.15, Eval std: 34.51
2023-05-30 23:21:54: [INFO]: Seed: 42, Step: 2960000, Eval mean: 215.10, Eval std: 82.66
2023-05-30 23:21:54: [INFO]: Seed: 2, Step: 2960000, Eval mean: 253.34, Eval std: 33.44
2023-05-30 23:21:55: [INFO]: Seed: 0, Step: 2960000, Eval mean: 223.68, Eval std: 69.70
2023-05-30 23:21:55: [INFO]: Seed: 3407, Step: 2960000, Eval mean: 224.68, Eval std: 59.71
2023-05-30 23:21:56: [INFO]: Seed: 1, Step: 2960000, Eval mean: 221.41, Eval std: 69.35
2023-05-30 23:22:24: [INFO]: Seed: 1, Step: 2980000, Eval mean: 202.39, Eval std: 96.13
2023-05-30 23:22:24: [INFO]: Seed: 2, Step: 2980000, Eval mean: 224.26, Eval std: 68.65
2023-05-30 23:22:25: [INFO]: Seed: 42, Step: 2980000, Eval mean: 198.94, Eval std: 73.74
2023-05-30 23:22:26: [INFO]: Seed: 0, Step: 2980000, Eval mean: 243.77, Eval std: 25.13
2023-05-30 23:22:26: [INFO]: Seed: 3407, Step: 2980000, Eval mean: 210.70, Eval std: 64.34
2023-05-30 23:22:54: [INFO]: Seed: 42, Step: 3000000, Eval mean: 240.44, Eval std: 30.63
2023-05-30 23:22:57: [INFO]: Seed: 1, Step: 3000000, Eval mean: 230.06, Eval std: 63.92
2023-05-30 23:22:57: [INFO]: Seed: 3407, Step: 3000000, Eval mean: 234.31, Eval std: 63.98
2023-05-30 23:22:57: [INFO]: Seed: 0, Step: 3000000, Eval mean: 201.58, Eval std: 87.51
2023-05-30 23:22:59: [INFO]: Seed: 2, Step: 3000000, Eval mean: 221.08, Eval std: 65.38
2023-05-30 23:23:16: [INFO]: Finish training seed 2 with everage eval mean: 263.7155395507813
2023-05-30 23:23:18: [WARNING]: C:\Users\zhangrz\miniconda3\envs\drl\lib\site-packages\moviepy\video\io\ffmpeg_reader.py:123: UserWarning: Warning: in file final_videos_seed_42\eval-episode-6.mp4, 720000 bytes wanted but 0 bytes read,at frame 428/429, at time 8.56/8.56 sec. Using the last valid frame instead.
  warnings.warn("Warning: in file %s, "%(self.filename)+

2023-05-30 23:23:20: [INFO]: Finish training seed 42 with everage eval mean: 239.46645812988282
2023-05-30 23:23:26: [INFO]: Finish training seed 1 with everage eval mean: 210.17841491699218
2023-05-30 23:23:26: [INFO]: Finish training seed 3407 with everage eval mean: 241.11604766845704
2023-05-30 23:23:26: [INFO]: Finish training seed 0 with everage eval mean: 221.52368698120117
